2025-04-13 15:47:27,956 - INFO - 🚀 Pipeline started...
2025-04-13 15:47:39,030 - INFO - Epoch 1: Validation Loss = 0.014820
2025-04-13 15:47:46,521 - INFO - Epoch 2: Validation Loss = 0.011379
2025-04-13 15:48:00,820 - INFO - Epoch 3: Validation Loss = 0.010149
2025-04-13 15:48:07,033 - INFO - Epoch 4: Validation Loss = 0.008948
2025-04-13 15:48:14,477 - INFO - Epoch 5: Validation Loss = 0.008503
2025-04-13 15:48:20,745 - INFO - Epoch 6: Validation Loss = 0.008163
2025-04-13 15:48:29,345 - INFO - Epoch 7: Validation Loss = 0.008161
2025-04-13 15:48:39,046 - INFO - Epoch 8: Validation Loss = 0.008603
2025-04-13 15:48:44,806 - INFO - Epoch 9: Validation Loss = 0.007889
2025-04-13 15:48:52,381 - INFO - Epoch 10: Validation Loss = 0.007778
2025-04-13 15:49:02,489 - INFO - Epoch 11: Validation Loss = 0.007579
2025-04-13 15:49:10,275 - INFO - Epoch 12: Validation Loss = 0.007659
2025-04-13 15:49:16,409 - INFO - Epoch 13: Validation Loss = 0.007812
2025-04-13 15:49:23,082 - INFO - Epoch 14: Validation Loss = 0.008709
2025-04-13 15:49:32,500 - INFO - Epoch 15: Validation Loss = 0.007325
2025-04-13 15:49:37,804 - INFO - Epoch 16: Validation Loss = 0.007420
2025-04-13 15:49:43,860 - INFO - Epoch 17: Validation Loss = 0.007529
2025-04-13 15:49:49,454 - INFO - Epoch 18: Validation Loss = 0.007586
2025-04-13 15:49:57,018 - INFO - Epoch 19: Validation Loss = 0.007609
2025-04-13 15:50:09,304 - INFO - Epoch 20: Validation Loss = 0.007236
2025-04-13 15:50:15,458 - INFO - Epoch 21: Validation Loss = 0.007351
2025-04-13 15:50:22,497 - INFO - Epoch 22: Validation Loss = 0.007458
2025-04-13 15:50:29,873 - INFO - Epoch 23: Validation Loss = 0.007287
2025-04-13 15:50:37,769 - INFO - Epoch 24: Validation Loss = 0.007151
2025-04-13 15:50:43,561 - INFO - Epoch 25: Validation Loss = 0.007307
2025-04-13 15:50:51,433 - INFO - Epoch 26: Validation Loss = 0.007431
2025-04-13 15:50:58,707 - INFO - Epoch 27: Validation Loss = 0.007286
2025-04-13 15:51:06,212 - INFO - Epoch 28: Validation Loss = 0.007592
2025-04-13 15:51:15,560 - INFO - Epoch 29: Validation Loss = 0.007254
2025-04-13 15:51:15,561 - INFO - ⛔ Early stopping triggered.
2025-04-13 15:51:15,562 - INFO - ✅ Model training completed. Best validation loss: 0.007151
2025-04-13 15:51:15,709 - INFO - Model and Scalers saved.
2025-04-13 15:51:16,773 - INFO - ✅ All records inserted for model_id=1
2025-04-13 15:51:16,777 - INFO - 🏁 Pipeline finished successfully.
2025-04-13 15:53:17,436 - INFO - ✅ Predictions logged from 2025-04-13 16:00:00 to 2025-04-13 21:00:00.
2025-04-13 16:54:46,242 - INFO - ✅ Predictions logged from 2025-04-13 16:00:00 to 2025-04-13 21:00:00.
2025-04-13 18:58:03,306 - INFO - 🚀 Pipeline started...
2025-04-13 18:58:17,040 - INFO - Epoch 1: Validation Loss = 0.015100
2025-04-13 18:58:31,598 - INFO - Epoch 2: Validation Loss = 0.011105
2025-04-13 18:58:41,518 - INFO - Epoch 3: Validation Loss = 0.010369
2025-04-13 18:58:50,445 - INFO - Epoch 4: Validation Loss = 0.010318
2025-04-13 18:59:04,791 - INFO - Epoch 5: Validation Loss = 0.008916
2025-04-13 18:59:13,786 - INFO - Epoch 6: Validation Loss = 0.008283
2025-04-13 18:59:21,485 - INFO - Epoch 7: Validation Loss = 0.007988
2025-04-13 18:59:31,165 - INFO - Epoch 8: Validation Loss = 0.008691
2025-04-13 18:59:40,646 - INFO - Epoch 9: Validation Loss = 0.007874
2025-04-13 18:59:50,892 - INFO - Epoch 10: Validation Loss = 0.007982
2025-04-13 19:00:02,546 - INFO - Epoch 11: Validation Loss = 0.007796
2025-04-13 19:00:10,570 - INFO - Epoch 12: Validation Loss = 0.007685
2025-04-13 19:00:18,598 - INFO - Epoch 13: Validation Loss = 0.007481
2025-04-13 19:00:28,489 - INFO - Epoch 14: Validation Loss = 0.007667
2025-04-13 19:00:40,813 - INFO - Epoch 15: Validation Loss = 0.007377
2025-04-13 19:00:49,591 - INFO - Epoch 16: Validation Loss = 0.007388
2025-04-13 19:00:59,497 - INFO - Epoch 17: Validation Loss = 0.007405
2025-04-13 19:01:11,751 - INFO - Epoch 18: Validation Loss = 0.007515
2025-04-13 19:01:19,361 - INFO - Epoch 19: Validation Loss = 0.007735
2025-04-13 19:01:26,869 - INFO - Epoch 20: Validation Loss = 0.007416
2025-04-13 19:01:26,869 - INFO - ⛔ Early stopping triggered.
2025-04-13 19:01:26,870 - INFO - ✅ Model training completed. Best validation loss: 0.007377
2025-04-13 19:01:26,903 - INFO - Model and Scalers saved.
2025-04-13 19:01:27,247 - INFO - ✅ All records inserted for model_id=1
2025-04-13 19:01:27,249 - INFO - 🏁 Pipeline finished successfully.
2025-04-13 19:03:42,428 - INFO - ✅ Predictions logged from 2025-04-13 19:00:00 to 2025-04-14 00:00:00.
2025-04-14 10:09:01,949 - ERROR - ❌ DB logging failed: 'hidden_size'
2025-04-14 10:09:01,952 - INFO - ✅ Evaluation of latest predictions logged.
2025-04-14 10:09:02,353 - INFO - ✅ Predictions logged from 2025-04-13 19:00:00 to 2025-04-14 00:00:00.
2025-04-14 10:13:43,388 - ERROR - ❌ DB logging failed: 'hidden_size'
2025-04-14 10:13:43,390 - INFO - ✅ Evaluation of latest predictions logged.
2025-04-14 10:13:43,607 - INFO - ✅ Predictions logged from 2025-04-13 19:00:00 to 2025-04-14 00:00:00.
2025-04-14 10:20:24,098 - ERROR - ❌ DB logging failed: 'hidden_size'
2025-04-14 10:20:24,100 - INFO - ✅ Evaluation of latest predictions logged.
2025-04-14 10:20:24,313 - INFO - ✅ Predictions logged from 2025-04-13 19:00:00 to 2025-04-14 00:00:00.
2025-04-14 10:23:22,847 - ERROR - ❌ DB logging failed: 'hidden_size'
2025-04-14 10:23:22,849 - INFO - ✅ Evaluation of latest predictions logged.
2025-04-14 10:23:23,025 - INFO - ✅ Predictions logged from 2025-04-13 19:00:00 to 2025-04-14 00:00:00.
2025-04-14 10:30:31,776 - INFO - ✅ All records inserted for model_id=2
2025-04-14 10:30:31,779 - INFO - ✅ Evaluation of latest predictions logged.
2025-04-14 10:30:31,993 - INFO - ✅ Predictions logged from 2025-04-13 19:00:00 to 2025-04-14 00:00:00.
2025-04-14 10:59:23,088 - INFO - 🔍 Starting evaluation of last 6 predictions...
2025-04-14 10:59:23,190 - INFO - ✅ Evaluation and predictions logged for model_id=2
2025-04-14 10:59:23,192 - INFO - ✅ Evaluation of latest predictions logged.
2025-04-14 10:59:23,584 - INFO - ✅ Predictions logged from 2025-04-13 19:00:00 to 2025-04-14 00:00:00.
2025-04-14 11:02:15,354 - INFO - 🚀 Pipeline started...
2025-04-14 11:02:27,666 - INFO - Epoch 1: Validation Loss = 0.013683
2025-04-14 11:02:40,602 - INFO - Epoch 2: Validation Loss = 0.011510
2025-04-14 11:02:50,713 - INFO - Epoch 3: Validation Loss = 0.010084
2025-04-14 11:02:59,721 - INFO - Epoch 4: Validation Loss = 0.009054
2025-04-14 11:03:11,749 - INFO - Epoch 5: Validation Loss = 0.008713
2025-04-14 11:03:20,885 - INFO - Epoch 6: Validation Loss = 0.008815
2025-04-14 11:03:29,680 - INFO - Epoch 7: Validation Loss = 0.008622
2025-04-14 11:03:40,505 - INFO - Epoch 8: Validation Loss = 0.007876
2025-04-14 11:03:55,456 - INFO - Epoch 9: Validation Loss = 0.007807
2025-04-14 11:04:15,830 - INFO - Epoch 10: Validation Loss = 0.009499
2025-04-14 11:04:28,177 - INFO - Epoch 11: Validation Loss = 0.007955
2025-04-14 11:04:37,891 - INFO - Epoch 12: Validation Loss = 0.007601
2025-04-14 11:04:51,237 - INFO - Epoch 13: Validation Loss = 0.007791
2025-04-14 11:05:02,691 - INFO - Epoch 14: Validation Loss = 0.007595
2025-04-14 11:05:12,303 - INFO - Epoch 15: Validation Loss = 0.007587
2025-04-14 11:05:23,247 - INFO - Epoch 16: Validation Loss = 0.007482
2025-04-14 11:05:32,734 - INFO - Epoch 17: Validation Loss = 0.007559
2025-04-14 11:05:46,233 - INFO - Epoch 18: Validation Loss = 0.007457
2025-04-14 11:05:58,710 - INFO - Epoch 19: Validation Loss = 0.007333
2025-04-14 11:06:11,052 - INFO - Epoch 20: Validation Loss = 0.008281
2025-04-14 11:06:23,862 - INFO - Epoch 21: Validation Loss = 0.007202
2025-04-14 11:06:33,266 - INFO - Epoch 22: Validation Loss = 0.007369
2025-04-14 11:06:43,276 - INFO - Epoch 23: Validation Loss = 0.007231
2025-04-14 11:06:58,916 - INFO - Epoch 24: Validation Loss = 0.007700
2025-04-14 11:07:09,508 - INFO - Epoch 25: Validation Loss = 0.007685
2025-04-14 11:07:23,467 - INFO - Epoch 26: Validation Loss = 0.007224
2025-04-14 11:07:23,470 - INFO - ⛔ Early stopping triggered.
2025-04-14 11:07:23,474 - INFO - ✅ Model training completed. Best validation loss: 0.007202
2025-04-14 11:07:23,719 - INFO - Model and Scalers saved.
2025-04-14 11:07:25,106 - INFO - ✅ All records inserted for model_id=1
2025-04-14 11:07:25,109 - INFO - 🏁 Pipeline finished successfully.
2025-04-14 11:08:15,349 - INFO - 🔍 Starting evaluation of last 6 predictions...
2025-04-14 11:08:15,406 - INFO - ✅ Evaluation and predictions logged for model_id=1
2025-04-14 11:08:15,407 - INFO - ✅ Evaluation of latest predictions logged.
2025-04-14 11:08:15,589 - INFO - ✅ Predictions logged from 2025-04-14 12:00:00 to 2025-04-14 17:00:00.
2025-04-14 11:09:45,451 - INFO - 🔍 Starting evaluation of last 6 predictions...
2025-04-14 11:09:45,498 - INFO - ✅ Evaluation and predictions logged for model_id=1
2025-04-14 11:09:45,499 - INFO - ✅ Evaluation of latest predictions logged.
2025-04-14 11:09:45,619 - INFO - ✅ Predictions logged from 2025-04-14 12:00:00 to 2025-04-14 17:00:00.
2025-04-14 11:22:42,327 - INFO - 🔍 Starting evaluation of last 6 predictions...
2025-04-14 11:22:42,403 - INFO - ✅ Evaluation and predictions logged for model_id=1
2025-04-14 11:22:42,405 - INFO - ✅ Evaluation of latest predictions logged.
2025-04-14 11:22:42,655 - INFO - ✅ Predictions logged from 2025-04-13 19:00:00 to 2025-04-14 00:00:00.
2025-04-14 11:35:07,822 - INFO - 🔍 Starting evaluation of last 6 predictions...
2025-04-14 11:35:07,890 - INFO - ✅ Evaluation and predictions logged for model_id=1
2025-04-14 11:35:07,891 - INFO - ✅ Evaluation of latest predictions logged.
2025-04-14 11:35:08,164 - INFO - ✅ Predictions logged from 2025-04-13 19:00:00 to 2025-04-14 00:00:00.
2025-04-14 11:36:39,734 - INFO - 🔍 Starting evaluation of last 6 predictions...
2025-04-14 11:36:39,892 - INFO - ✅ Evaluation and predictions logged for model_id=1
2025-04-14 11:36:39,894 - INFO - ✅ Evaluation of latest predictions logged.
2025-04-14 11:36:40,227 - INFO - ✅ Predictions logged from 2025-04-14 12:00:00 to 2025-04-14 17:00:00.
2025-04-15 03:26:54,283 - INFO - 🔍 Starting evaluation of last 6 predictions...
2025-04-15 03:26:54,537 - INFO - ✅ Evaluation and predictions logged for model_id=1
2025-04-15 03:26:54,548 - INFO - ✅ Evaluation of latest predictions logged.
2025-04-15 03:26:55,494 - INFO - ✅ Predictions logged from 2025-04-14 12:00:00 to 2025-04-14 17:00:00.
2025-04-15 03:27:45,326 - INFO - 🔍 Starting evaluation of last 6 predictions...
2025-04-15 03:27:45,385 - INFO - ✅ Evaluation and predictions logged for model_id=1
2025-04-15 03:27:45,386 - INFO - ✅ Evaluation of latest predictions logged.
2025-04-15 03:27:45,567 - INFO - ✅ Predictions logged from 2025-04-15 04:00:00 to 2025-04-15 09:00:00.
2025-04-16 19:16:21,184 - INFO - 🔍 Starting evaluation of last 6 predictions...
2025-04-16 19:16:21,280 - INFO - ✅ Evaluation and predictions logged for model_id=1
2025-04-16 19:16:21,282 - INFO - ✅ Evaluation of latest predictions logged.
2025-04-16 19:16:21,618 - INFO - ✅ Predictions logged from 2025-04-16 20:00:00 to 2025-04-17 01:00:00.
2025-04-16 19:20:53,761 - INFO - 🔍 Starting evaluation of last 6 predictions...
2025-04-16 19:20:53,825 - INFO - ✅ Evaluation and predictions logged for model_id=1
2025-04-16 19:20:53,826 - INFO - ✅ Evaluation of latest predictions logged.
2025-04-16 19:20:54,080 - INFO - ✅ Predictions logged from 2025-04-16 20:00:00 to 2025-04-17 01:00:00.
2025-04-16 19:33:14,453 - INFO - 🔍 Starting evaluation of last 6 predictions...
2025-04-16 19:33:14,539 - INFO - ✅ Evaluation and predictions logged for model_id=1
2025-04-16 19:33:14,540 - INFO - ✅ Evaluation of latest predictions logged.
2025-04-16 19:33:14,836 - INFO - ✅ Predictions logged from 2025-04-16 20:00:00 to 2025-04-17 01:00:00.
2025-04-16 19:37:31,885 - INFO - 🔍 Starting evaluation of last 6 predictions...
2025-04-16 19:37:31,957 - INFO - ✅ Evaluation and predictions logged for model_id=1
2025-04-16 19:37:31,958 - INFO - ✅ Evaluation of latest predictions logged.
2025-04-16 19:37:32,317 - INFO - ✅ Predictions logged from 2025-04-16 20:00:00 to 2025-04-17 01:00:00.
2025-04-16 19:52:04,211 - INFO - 🔍 Starting evaluation of last 6 predictions...
2025-04-16 19:52:04,280 - INFO - ✅ Evaluation and predictions logged for model_id=1
2025-04-16 19:52:04,282 - INFO - ✅ Evaluation of latest predictions logged.
2025-04-16 19:52:04,544 - INFO - ✅ Predictions logged from 2025-04-16 20:00:00 to 2025-04-17 01:00:00.
2025-04-16 20:08:48,285 - INFO - 🔍 Starting evaluation of last 6 predictions...
2025-04-16 20:08:48,343 - INFO - ✅ Evaluation and predictions logged for model_id=1
2025-04-16 20:08:48,345 - INFO - ✅ Evaluation of latest predictions logged.
2025-04-16 20:08:48,695 - INFO - ✅ Predictions logged from 2025-04-16 20:00:00 to 2025-04-17 01:00:00.
2025-04-16 20:24:18,438 - INFO - 🔍 Starting evaluation of last 6 predictions...
2025-04-16 20:24:18,480 - INFO - ✅ Evaluation and predictions logged for model_id=1
2025-04-16 20:24:18,482 - INFO - ✅ Evaluation of latest predictions logged.
2025-04-16 20:24:18,487 - INFO - 🚨 Pseudo accuracy too low. Retraining triggered.
2025-04-16 20:24:34,814 - INFO - Epoch 1: Validation Loss = 0.009672
2025-04-16 20:24:46,261 - INFO - Epoch 2: Validation Loss = 0.007907
2025-04-16 20:24:55,722 - INFO - Epoch 3: Validation Loss = 0.007523
2025-04-16 20:25:05,806 - INFO - Epoch 4: Validation Loss = 0.007572
2025-04-16 20:25:20,647 - INFO - Epoch 5: Validation Loss = 0.006524
2025-04-16 20:25:30,368 - INFO - Epoch 6: Validation Loss = 0.006903
2025-04-16 20:25:39,108 - INFO - Epoch 7: Validation Loss = 0.006241
2025-04-16 20:25:50,008 - INFO - Epoch 8: Validation Loss = 0.005742
2025-04-16 20:25:58,536 - INFO - Epoch 9: Validation Loss = 0.005734
2025-04-16 20:26:07,161 - INFO - Epoch 10: Validation Loss = 0.006548
2025-04-16 20:26:21,136 - INFO - Epoch 11: Validation Loss = 0.006045
2025-04-16 20:26:35,959 - INFO - Epoch 12: Validation Loss = 0.005513
2025-04-16 20:26:51,993 - INFO - Epoch 13: Validation Loss = 0.005547
2025-04-16 20:27:02,950 - INFO - Epoch 14: Validation Loss = 0.005408
2025-04-16 20:27:11,914 - INFO - Epoch 15: Validation Loss = 0.005333
2025-04-16 20:27:24,669 - INFO - Epoch 16: Validation Loss = 0.005605
2025-04-16 20:27:37,483 - INFO - Epoch 17: Validation Loss = 0.006613
2025-04-16 20:27:51,333 - INFO - Epoch 18: Validation Loss = 0.005474
2025-04-16 20:28:04,355 - INFO - Epoch 19: Validation Loss = 0.005365
2025-04-16 20:28:11,840 - INFO - Epoch 20: Validation Loss = 0.005383
2025-04-16 20:28:11,841 - INFO - ⛔ Early stopping triggered.
2025-04-16 20:28:11,859 - INFO - ✅ Model training completed. Best validation loss: 0.005333
2025-04-16 20:28:17,604 - INFO - ✅ All records inserted for model_id=2
2025-04-16 20:28:19,270 - INFO - ✅ Predictions logged from 2025-04-16 20:00:00 to 2025-04-17 01:00:00.
2025-04-21 13:58:52,955 - INFO - 🔍 Starting evaluation of last 6 predictions...
2025-04-21 13:58:52,964 - INFO - ✅ Evaluation and predictions logged for model_id=2
2025-04-21 13:58:52,964 - INFO - ✅ Evaluation of latest predictions logged.
2025-04-21 13:58:52,964 - INFO - 🚨 Pseudo accuracy too low. Retraining triggered.
2025-04-21 13:59:00,007 - INFO - Epoch 1: Validation Loss = 0.013623
2025-04-21 13:59:04,911 - INFO - Epoch 2: Validation Loss = 0.008777
2025-04-21 13:59:09,822 - INFO - Epoch 3: Validation Loss = 0.009264
2025-04-21 13:59:14,795 - INFO - Epoch 4: Validation Loss = 0.006875
2025-04-21 13:59:19,759 - INFO - Epoch 5: Validation Loss = 0.006462
2025-04-21 13:59:24,713 - INFO - Epoch 6: Validation Loss = 0.012514
2025-04-21 13:59:29,680 - INFO - Epoch 7: Validation Loss = 0.006488
2025-04-21 13:59:34,715 - INFO - Epoch 8: Validation Loss = 0.006934
2025-04-21 13:59:39,688 - INFO - Epoch 9: Validation Loss = 0.013238
2025-04-21 13:59:44,674 - INFO - Epoch 10: Validation Loss = 0.006321
2025-04-21 13:59:49,652 - INFO - Epoch 11: Validation Loss = 0.006919
2025-04-21 13:59:54,701 - INFO - Epoch 12: Validation Loss = 0.005727
2025-04-21 13:59:59,647 - INFO - Epoch 13: Validation Loss = 0.006646
2025-04-21 14:00:04,671 - INFO - Epoch 14: Validation Loss = 0.008839
2025-04-21 14:00:09,664 - INFO - Epoch 15: Validation Loss = 0.006282
2025-04-21 14:00:14,601 - INFO - Epoch 16: Validation Loss = 0.005930
2025-04-21 14:00:19,597 - INFO - Epoch 17: Validation Loss = 0.005865
2025-04-21 14:00:19,597 - INFO - ⛔ Early stopping triggered.
2025-04-21 14:00:19,597 - INFO - ✅ Model training completed. Best validation loss: 0.005727
2025-04-21 14:00:19,886 - INFO - ✅ All records inserted for model_id=3
2025-04-21 14:00:19,902 - INFO - ✅ Predictions logged from 2025-04-21 14:00:00 to 2025-04-21 19:00:00.
2025-04-21 14:15:00,624 - INFO - 🔍 Starting evaluation of last 6 predictions...
2025-04-21 14:15:00,737 - INFO - ✅ Evaluation and predictions logged for model_id=3
2025-04-21 14:15:00,737 - INFO - ✅ Evaluation of latest predictions logged.
2025-04-21 14:15:01,146 - INFO - ✅ Predictions logged from 2025-04-21 14:00:00 to 2025-04-21 19:00:00.
2025-04-21 14:39:48,192 - INFO - 🔍 Starting evaluation of last 6 predictions...
2025-04-21 14:39:48,284 - INFO - ✅ Evaluation and predictions logged for model_id=3
2025-04-21 14:39:48,285 - INFO - ✅ Evaluation of latest predictions logged.
2025-04-21 14:39:48,399 - INFO - ✅ Predictions logged from 2025-04-21 14:00:00 to 2025-04-21 19:00:00.
2025-04-21 14:58:16,334 - INFO - 🔍 Starting evaluation of last 6 predictions...
2025-04-21 14:58:16,335 - WARNING - ❌ No model info found for evaluation.
2025-04-21 14:58:16,336 - INFO - 🚨 Pseudo accuracy too low. Retraining triggered.
2025-04-21 14:58:23,579 - INFO - Epoch 1: Validation Loss = 0.009540
2025-04-21 14:58:28,432 - INFO - Epoch 2: Validation Loss = 0.008180
2025-04-21 14:58:33,302 - INFO - Epoch 3: Validation Loss = 0.007075
2025-04-21 14:58:38,156 - INFO - Epoch 4: Validation Loss = 0.005665
2025-04-21 14:58:43,024 - INFO - Epoch 5: Validation Loss = 0.005575
2025-04-21 14:58:47,953 - INFO - Epoch 6: Validation Loss = 0.005272
2025-04-21 14:58:52,818 - INFO - Epoch 7: Validation Loss = 0.005231
2025-04-21 14:58:57,684 - INFO - Epoch 8: Validation Loss = 0.005018
2025-04-21 14:59:02,524 - INFO - Epoch 9: Validation Loss = 0.005427
2025-04-21 14:59:07,355 - INFO - Epoch 10: Validation Loss = 0.005360
2025-04-21 14:59:12,218 - INFO - Epoch 11: Validation Loss = 0.004964
2025-04-21 14:59:17,137 - INFO - Epoch 12: Validation Loss = 0.004928
2025-04-21 14:59:22,005 - INFO - Epoch 13: Validation Loss = 0.004881
2025-04-21 14:59:26,824 - INFO - Epoch 14: Validation Loss = 0.004906
2025-04-21 14:59:31,656 - INFO - Epoch 15: Validation Loss = 0.005293
2025-04-21 14:59:36,492 - INFO - Epoch 16: Validation Loss = 0.004763
2025-04-21 14:59:41,327 - INFO - Epoch 17: Validation Loss = 0.005106
2025-04-21 14:59:46,217 - INFO - Epoch 18: Validation Loss = 0.004712
2025-04-21 14:59:51,058 - INFO - Epoch 19: Validation Loss = 0.005183
2025-04-21 14:59:55,909 - INFO - Epoch 20: Validation Loss = 0.004979
2025-04-21 15:00:00,754 - INFO - Epoch 21: Validation Loss = 0.004922
2025-04-21 15:00:05,658 - INFO - Epoch 22: Validation Loss = 0.005311
2025-04-21 15:00:10,548 - INFO - Epoch 23: Validation Loss = 0.005020
2025-04-21 15:00:10,548 - INFO - ⛔ Early stopping triggered.
2025-04-21 15:00:10,549 - INFO - ✅ Model training completed. Best validation loss: 0.004712
2025-04-21 15:00:10,838 - INFO - ✅ All records inserted for model_id=1
2025-04-21 15:00:10,851 - INFO - ✅ Predictions logged from 2025-04-09 00:00:00 to 2025-04-09 05:00:00.
2025-04-21 15:53:06,920 - INFO - 🔍 Starting evaluation of last 6 predictions...
2025-04-21 15:53:06,928 - INFO - ✅ Evaluation and predictions logged for model_id=1
2025-04-21 15:53:06,928 - INFO - ✅ Evaluation of latest predictions logged.
2025-04-21 15:53:06,943 - INFO - ✅ Predictions logged from 2025-04-21 16:00:00 to 2025-04-21 21:00:00.
2025-04-21 16:43:54,515 - INFO - 🔍 Starting evaluation of last 6 predictions...
2025-04-21 16:43:54,533 - INFO - ✅ Evaluation and predictions logged for model_id=1
2025-04-21 16:43:54,533 - INFO - ✅ Evaluation of latest predictions logged.
2025-04-21 16:43:54,555 - INFO - ✅ Predictions logged from 2025-04-21 16:00:00 to 2025-04-21 21:00:00.
2025-04-21 18:30:08,104 - INFO - 🔍 Starting evaluation of last 6 predictions...
2025-04-21 18:30:08,122 - INFO - ✅ Evaluation and predictions logged for model_id=1
2025-04-21 18:30:08,122 - INFO - ✅ Evaluation of latest predictions logged.
2025-04-21 18:30:08,142 - INFO - ✅ Predictions logged from 2025-04-21 16:00:00 to 2025-04-21 21:00:00.
2025-04-22 01:40:36,971 - INFO - 🔍 Starting evaluation of last 6 predictions...
2025-04-22 01:40:37,001 - INFO - ✅ Evaluation and predictions logged for model_id=1
2025-04-22 01:40:37,001 - INFO - ✅ Evaluation of latest predictions logged.
2025-04-22 01:40:37,019 - INFO - ✅ Predictions logged from 2025-04-21 16:00:00 to 2025-04-21 21:00:00.
2025-04-22 06:30:13,188 - INFO - 🔍 Starting evaluation of last 6 predictions...
2025-04-22 06:30:13,197 - INFO - ✅ Evaluation and predictions logged for model_id=1
2025-04-22 06:30:13,198 - INFO - ✅ Evaluation of latest predictions logged.
2025-04-22 06:30:13,213 - INFO - ✅ Predictions logged from 2025-04-22 07:00:00 to 2025-04-22 12:00:00.
2025-04-22 12:41:48,404 - INFO - 🔍 Starting evaluation of last 6 predictions...
2025-04-22 12:41:48,424 - INFO - ✅ Evaluation and predictions logged for model_id=1
2025-04-22 12:41:48,425 - INFO - ✅ Evaluation of latest predictions logged.
2025-04-22 12:41:48,442 - INFO - ✅ Predictions logged from 2025-04-22 07:00:00 to 2025-04-22 12:00:00.
2025-04-22 18:29:08,426 - INFO - 🔍 Starting evaluation of last 6 predictions...
2025-04-22 18:29:08,436 - INFO - ✅ Evaluation and predictions logged for model_id=1
2025-04-22 18:29:08,436 - INFO - ✅ Evaluation of latest predictions logged.
2025-04-22 18:29:08,452 - INFO - ✅ Predictions logged from 2025-04-22 19:00:00 to 2025-04-23 00:00:00.
2025-04-23 01:40:42,656 - INFO - 🔍 Starting evaluation of last 6 predictions...
2025-04-23 01:40:42,677 - INFO - ✅ Evaluation and predictions logged for model_id=1
2025-04-23 01:40:42,677 - INFO - ✅ Evaluation of latest predictions logged.
2025-04-23 01:40:42,696 - INFO - ✅ Predictions logged from 2025-04-22 19:00:00 to 2025-04-23 00:00:00.
2025-04-23 06:30:11,501 - INFO - 🔍 Starting evaluation of last 6 predictions...
2025-04-23 06:30:11,509 - INFO - ✅ Evaluation and predictions logged for model_id=1
2025-04-23 06:30:11,510 - INFO - ✅ Evaluation of latest predictions logged.
2025-04-23 06:30:11,510 - INFO - 🚨 Pseudo accuracy too low. Retraining triggered.
2025-04-23 06:30:18,774 - INFO - Epoch 1: Validation Loss = 0.012103
2025-04-23 06:30:23,626 - INFO - Epoch 2: Validation Loss = 0.010627
2025-04-23 06:30:28,494 - INFO - Epoch 3: Validation Loss = 0.008531
2025-04-23 06:30:33,406 - INFO - Epoch 4: Validation Loss = 0.008143
2025-04-23 06:30:38,275 - INFO - Epoch 5: Validation Loss = 0.013488
2025-04-23 06:30:43,096 - INFO - Epoch 6: Validation Loss = 0.007780
2025-04-23 06:30:47,935 - INFO - Epoch 7: Validation Loss = 0.007359
2025-04-23 06:30:52,798 - INFO - Epoch 8: Validation Loss = 0.006682
2025-04-23 06:30:57,746 - INFO - Epoch 9: Validation Loss = 0.006527
2025-04-23 06:31:02,628 - INFO - Epoch 10: Validation Loss = 0.006759
2025-04-23 06:31:07,527 - INFO - Epoch 11: Validation Loss = 0.005887
2025-04-23 06:31:12,430 - INFO - Epoch 12: Validation Loss = 0.006536
2025-04-23 06:31:17,343 - INFO - Epoch 13: Validation Loss = 0.006148
2025-04-23 06:31:22,284 - INFO - Epoch 14: Validation Loss = 0.006824
2025-04-23 06:31:27,183 - INFO - Epoch 15: Validation Loss = 0.005973
2025-04-23 06:31:32,169 - INFO - Epoch 16: Validation Loss = 0.005815
2025-04-23 06:31:37,089 - INFO - Epoch 17: Validation Loss = 0.005991
2025-04-23 06:31:41,969 - INFO - Epoch 18: Validation Loss = 0.006309
2025-04-23 06:31:46,874 - INFO - Epoch 19: Validation Loss = 0.006391
2025-04-23 06:31:51,795 - INFO - Epoch 20: Validation Loss = 0.005882
2025-04-23 06:31:56,619 - INFO - Epoch 21: Validation Loss = 0.005724
2025-04-23 06:32:01,550 - INFO - Epoch 22: Validation Loss = 0.005865
2025-04-23 06:32:06,448 - INFO - Epoch 23: Validation Loss = 0.006212
2025-04-23 06:32:11,347 - INFO - Epoch 24: Validation Loss = 0.005846
2025-04-23 06:32:16,228 - INFO - Epoch 25: Validation Loss = 0.005704
2025-04-23 06:32:21,137 - INFO - Epoch 26: Validation Loss = 0.005749
2025-04-23 06:32:25,972 - INFO - Epoch 27: Validation Loss = 0.005712
2025-04-23 06:32:30,840 - INFO - Epoch 28: Validation Loss = 0.005733
2025-04-23 06:32:35,698 - INFO - Epoch 29: Validation Loss = 0.006106
2025-04-23 06:32:40,570 - INFO - Epoch 30: Validation Loss = 0.005776
2025-04-23 06:32:40,570 - INFO - ⛔ Early stopping triggered.
2025-04-23 06:32:40,570 - INFO - ✅ Model training completed. Best validation loss: 0.005704
2025-04-23 06:32:40,860 - INFO - ✅ All records inserted for model_id=2
2025-04-23 06:32:40,872 - INFO - ✅ Predictions logged from 2025-04-23 07:00:00 to 2025-04-23 12:00:00.
2025-04-23 12:42:16,304 - INFO - 🔍 Starting evaluation of last 6 predictions...
2025-04-23 12:42:16,321 - INFO - ✅ Evaluation and predictions logged for model_id=2
2025-04-23 12:42:16,321 - INFO - ✅ Evaluation of latest predictions logged.
2025-04-23 12:42:16,339 - INFO - ✅ Predictions logged from 2025-04-23 07:00:00 to 2025-04-23 12:00:00.
2025-04-23 18:30:55,148 - INFO - 🔍 Starting evaluation of last 6 predictions...
2025-04-23 18:30:55,156 - INFO - ✅ Evaluation and predictions logged for model_id=2
2025-04-23 18:30:55,157 - INFO - ✅ Evaluation of latest predictions logged.
2025-04-23 18:30:55,157 - INFO - 🚨 Pseudo accuracy too low. Retraining triggered.
2025-04-23 18:31:01,990 - INFO - Epoch 1: Validation Loss = 0.009622
2025-04-23 18:31:07,423 - INFO - Epoch 2: Validation Loss = 0.008220
2025-04-23 18:31:12,864 - INFO - Epoch 3: Validation Loss = 0.007592
2025-04-23 18:31:18,380 - INFO - Epoch 4: Validation Loss = 0.008108
2025-04-23 18:31:23,930 - INFO - Epoch 5: Validation Loss = 0.007215
2025-04-23 18:31:29,396 - INFO - Epoch 6: Validation Loss = 0.006532
2025-04-23 18:31:34,869 - INFO - Epoch 7: Validation Loss = 0.006642
2025-04-23 18:31:40,375 - INFO - Epoch 8: Validation Loss = 0.006433
2025-04-23 18:31:45,912 - INFO - Epoch 9: Validation Loss = 0.006612
2025-04-23 18:31:51,476 - INFO - Epoch 10: Validation Loss = 0.006241
2025-04-23 18:31:57,029 - INFO - Epoch 11: Validation Loss = 0.006031
2025-04-23 18:32:02,600 - INFO - Epoch 12: Validation Loss = 0.005869
2025-04-23 18:32:08,076 - INFO - Epoch 13: Validation Loss = 0.005675
2025-04-23 18:32:13,523 - INFO - Epoch 14: Validation Loss = 0.005819
2025-04-23 18:32:18,968 - INFO - Epoch 15: Validation Loss = 0.005791
2025-04-23 18:32:24,479 - INFO - Epoch 16: Validation Loss = 0.005628
2025-04-23 18:32:29,914 - INFO - Epoch 17: Validation Loss = 0.005611
2025-04-23 18:32:35,350 - INFO - Epoch 18: Validation Loss = 0.006403
2025-04-23 18:32:40,819 - INFO - Epoch 19: Validation Loss = 0.006105
2025-04-23 18:32:46,256 - INFO - Epoch 20: Validation Loss = 0.005668
2025-04-23 18:32:51,691 - INFO - Epoch 21: Validation Loss = 0.005710
2025-04-23 18:32:57,157 - INFO - Epoch 22: Validation Loss = 0.005810
2025-04-23 18:32:57,157 - INFO - ⛔ Early stopping triggered.
2025-04-23 18:32:57,157 - INFO - ✅ Model training completed. Best validation loss: 0.005611
2025-04-23 18:32:57,447 - INFO - ✅ All records inserted for model_id=3
2025-04-23 18:32:57,460 - INFO - ✅ Predictions logged from 2025-04-23 19:00:00 to 2025-04-24 00:00:00.
2025-04-24 01:40:57,180 - INFO - 🔍 Starting evaluation of last 6 predictions...
2025-04-24 01:40:57,193 - INFO - ✅ Evaluation and predictions logged for model_id=3
2025-04-24 01:40:57,193 - INFO - ✅ Evaluation of latest predictions logged.
2025-04-24 01:40:57,213 - INFO - ✅ Predictions logged from 2025-04-23 19:00:00 to 2025-04-24 00:00:00.
2025-04-24 06:30:50,176 - INFO - 🔍 Starting evaluation of last 6 predictions...
2025-04-24 06:30:50,186 - INFO - ✅ Evaluation and predictions logged for model_id=3
2025-04-24 06:30:50,186 - INFO - ✅ Evaluation of latest predictions logged.
2025-04-24 06:30:50,205 - INFO - ✅ Predictions logged from 2025-04-24 07:00:00 to 2025-04-24 12:00:00.
2025-04-24 12:42:32,283 - INFO - 🔍 Starting evaluation of last 6 predictions...
2025-04-24 12:42:32,295 - INFO - ✅ Evaluation and predictions logged for model_id=3
2025-04-24 12:42:32,295 - INFO - ✅ Evaluation of latest predictions logged.
2025-04-24 12:42:32,316 - INFO - ✅ Predictions logged from 2025-04-24 07:00:00 to 2025-04-24 12:00:00.
2025-04-24 18:28:53,297 - INFO - 🔍 Starting evaluation of last 6 predictions...
2025-04-24 18:28:53,306 - INFO - ✅ Evaluation and predictions logged for model_id=3
2025-04-24 18:28:53,306 - INFO - ✅ Evaluation of latest predictions logged.
2025-04-24 18:28:53,307 - INFO - 🚨 Pseudo accuracy too low. Retraining triggered.
2025-04-24 18:29:00,038 - INFO - Epoch 1: Validation Loss = 0.012582
2025-04-24 18:29:05,356 - INFO - Epoch 2: Validation Loss = 0.009207
2025-04-24 18:29:10,757 - INFO - Epoch 3: Validation Loss = 0.007675
2025-04-24 18:29:16,143 - INFO - Epoch 4: Validation Loss = 0.007315
2025-04-24 18:29:21,623 - INFO - Epoch 5: Validation Loss = 0.007016
2025-04-24 18:29:27,010 - INFO - Epoch 6: Validation Loss = 0.006396
2025-04-24 18:29:32,408 - INFO - Epoch 7: Validation Loss = 0.006265
2025-04-24 18:29:37,697 - INFO - Epoch 8: Validation Loss = 0.006246
2025-04-24 18:29:43,035 - INFO - Epoch 9: Validation Loss = 0.006511
2025-04-24 18:29:48,384 - INFO - Epoch 10: Validation Loss = 0.006074
2025-04-24 18:29:53,747 - INFO - Epoch 11: Validation Loss = 0.005903
2025-04-24 18:29:59,173 - INFO - Epoch 12: Validation Loss = 0.006624
2025-04-24 18:30:04,571 - INFO - Epoch 13: Validation Loss = 0.006305
2025-04-24 18:30:09,965 - INFO - Epoch 14: Validation Loss = 0.005904
2025-04-24 18:30:15,340 - INFO - Epoch 15: Validation Loss = 0.005990
2025-04-24 18:30:20,651 - INFO - Epoch 16: Validation Loss = 0.005823
2025-04-24 18:30:25,965 - INFO - Epoch 17: Validation Loss = 0.005549
2025-04-24 18:30:31,256 - INFO - Epoch 18: Validation Loss = 0.005768
2025-04-24 18:30:36,521 - INFO - Epoch 19: Validation Loss = 0.005884
2025-04-24 18:30:41,821 - INFO - Epoch 20: Validation Loss = 0.006172
2025-04-24 18:30:47,082 - INFO - Epoch 21: Validation Loss = 0.005809
2025-04-24 18:30:52,369 - INFO - Epoch 22: Validation Loss = 0.005847
2025-04-24 18:30:52,369 - INFO - ⛔ Early stopping triggered.
2025-04-24 18:30:52,369 - INFO - ✅ Model training completed. Best validation loss: 0.005549
2025-04-24 18:30:52,660 - INFO - ✅ All records inserted for model_id=4
2025-04-24 18:30:52,674 - INFO - ✅ Predictions logged from 2025-04-24 19:00:00 to 2025-04-25 00:00:00.
2025-04-25 01:41:25,401 - INFO - 🔍 Starting evaluation of last 6 predictions...
2025-04-25 01:41:25,418 - INFO - ✅ Evaluation and predictions logged for model_id=4
2025-04-25 01:41:25,418 - INFO - ✅ Evaluation of latest predictions logged.
2025-04-25 01:41:25,437 - INFO - ✅ Predictions logged from 2025-04-24 19:00:00 to 2025-04-25 00:00:00.
2025-04-25 06:30:06,620 - INFO - 🔍 Starting evaluation of last 6 predictions...
2025-04-25 06:30:06,629 - INFO - ✅ Evaluation and predictions logged for model_id=4
2025-04-25 06:30:06,629 - INFO - ✅ Evaluation of latest predictions logged.
2025-04-25 06:30:06,630 - INFO - 🚨 Pseudo accuracy too low. Retraining triggered.
2025-04-25 06:30:13,396 - INFO - Epoch 1: Validation Loss = 0.010228
2025-04-25 06:30:19,010 - INFO - Epoch 2: Validation Loss = 0.010235
2025-04-25 06:30:24,628 - INFO - Epoch 3: Validation Loss = 0.011083
2025-04-25 06:30:30,248 - INFO - Epoch 4: Validation Loss = 0.007176
2025-04-25 06:30:36,154 - INFO - Epoch 5: Validation Loss = 0.007032
2025-04-25 06:30:41,843 - INFO - Epoch 6: Validation Loss = 0.007016
2025-04-25 06:30:47,529 - INFO - Epoch 7: Validation Loss = 0.007664
2025-04-25 06:30:53,216 - INFO - Epoch 8: Validation Loss = 0.007034
2025-04-25 06:30:58,912 - INFO - Epoch 9: Validation Loss = 0.006772
2025-04-25 06:31:04,494 - INFO - Epoch 10: Validation Loss = 0.006160
2025-04-25 06:31:10,054 - INFO - Epoch 11: Validation Loss = 0.006412
2025-04-25 06:31:15,623 - INFO - Epoch 12: Validation Loss = 0.005779
2025-04-25 06:31:21,168 - INFO - Epoch 13: Validation Loss = 0.006295
2025-04-25 06:31:26,724 - INFO - Epoch 14: Validation Loss = 0.005808
2025-04-25 06:31:32,247 - INFO - Epoch 15: Validation Loss = 0.006034
2025-04-25 06:31:37,757 - INFO - Epoch 16: Validation Loss = 0.006143
2025-04-25 06:31:43,241 - INFO - Epoch 17: Validation Loss = 0.005889
2025-04-25 06:31:43,241 - INFO - ⛔ Early stopping triggered.
2025-04-25 06:31:43,241 - INFO - ✅ Model training completed. Best validation loss: 0.005779
2025-04-25 06:31:43,538 - INFO - ✅ All records inserted for model_id=5
2025-04-25 06:31:43,551 - INFO - ✅ Predictions logged from 2025-04-25 07:00:00 to 2025-04-25 12:00:00.
2025-04-25 12:41:18,310 - INFO - 🔍 Starting evaluation of last 6 predictions...
2025-04-25 12:41:18,322 - INFO - ✅ Evaluation and predictions logged for model_id=5
2025-04-25 12:41:18,323 - INFO - ✅ Evaluation of latest predictions logged.
2025-04-25 12:41:18,347 - INFO - ✅ Predictions logged from 2025-04-25 07:00:00 to 2025-04-25 12:00:00.
2025-04-25 18:29:27,016 - INFO - 🔍 Starting evaluation of last 6 predictions...
2025-04-25 18:29:27,043 - INFO - ✅ Evaluation and predictions logged for model_id=5
2025-04-25 18:29:27,044 - INFO - ✅ Evaluation of latest predictions logged.
2025-04-25 18:29:27,044 - INFO - 🚨 Pseudo accuracy too low. Retraining triggered.
2025-04-25 18:29:33,913 - INFO - Epoch 1: Validation Loss = 0.010940
2025-04-25 18:29:39,384 - INFO - Epoch 2: Validation Loss = 0.009432
2025-04-25 18:29:44,903 - INFO - Epoch 3: Validation Loss = 0.007878
2025-04-25 18:29:50,385 - INFO - Epoch 4: Validation Loss = 0.006985
2025-04-25 18:29:55,833 - INFO - Epoch 5: Validation Loss = 0.006922
2025-04-25 18:30:01,472 - INFO - Epoch 6: Validation Loss = 0.007246
2025-04-25 18:30:06,935 - INFO - Epoch 7: Validation Loss = 0.006368
2025-04-25 18:30:12,454 - INFO - Epoch 8: Validation Loss = 0.006185
2025-04-25 18:30:17,961 - INFO - Epoch 9: Validation Loss = 0.006188
2025-04-25 18:30:23,413 - INFO - Epoch 10: Validation Loss = 0.005939
2025-04-25 18:30:28,993 - INFO - Epoch 11: Validation Loss = 0.006529
2025-04-25 18:30:34,578 - INFO - Epoch 12: Validation Loss = 0.006073
2025-04-25 18:30:40,114 - INFO - Epoch 13: Validation Loss = 0.005778
2025-04-25 18:30:45,548 - INFO - Epoch 14: Validation Loss = 0.005952
2025-04-25 18:30:51,049 - INFO - Epoch 15: Validation Loss = 0.005789
2025-04-25 18:30:56,481 - INFO - Epoch 16: Validation Loss = 0.006784
2025-04-25 18:31:01,980 - INFO - Epoch 17: Validation Loss = 0.006235
2025-04-25 18:31:07,472 - INFO - Epoch 18: Validation Loss = 0.005888
2025-04-25 18:31:07,473 - INFO - ⛔ Early stopping triggered.
2025-04-25 18:31:07,473 - INFO - ✅ Model training completed. Best validation loss: 0.005778
2025-04-25 18:31:07,769 - INFO - ✅ All records inserted for model_id=6
2025-04-25 18:31:07,781 - INFO - ✅ Predictions logged from 2025-04-25 19:00:00 to 2025-04-26 00:00:00.
2025-04-26 01:37:45,404 - INFO - 🔍 Starting evaluation of last 6 predictions...
2025-04-26 01:37:45,417 - INFO - ✅ Evaluation and predictions logged for model_id=6
2025-04-26 01:37:45,417 - INFO - ✅ Evaluation of latest predictions logged.
2025-04-26 01:37:45,440 - INFO - ✅ Predictions logged from 2025-04-25 19:00:00 to 2025-04-26 00:00:00.
2025-04-26 06:27:36,805 - INFO - 🔍 Starting evaluation of last 6 predictions...
2025-04-26 06:27:36,815 - INFO - ✅ Evaluation and predictions logged for model_id=6
2025-04-26 06:27:36,815 - INFO - ✅ Evaluation of latest predictions logged.
2025-04-26 06:27:36,832 - INFO - ✅ Predictions logged from 2025-04-26 07:00:00 to 2025-04-26 12:00:00.
2025-04-26 12:37:39,035 - INFO - 🔍 Starting evaluation of last 6 predictions...
2025-04-26 12:37:39,047 - INFO - ✅ Evaluation and predictions logged for model_id=6
2025-04-26 12:37:39,047 - INFO - ✅ Evaluation of latest predictions logged.
2025-04-26 12:37:39,065 - INFO - ✅ Predictions logged from 2025-04-26 07:00:00 to 2025-04-26 12:00:00.
2025-04-26 18:26:20,111 - INFO - 🔍 Starting evaluation of last 6 predictions...
2025-04-26 18:26:20,120 - INFO - ✅ Evaluation and predictions logged for model_id=6
2025-04-26 18:26:20,120 - INFO - ✅ Evaluation of latest predictions logged.
2025-04-26 18:26:20,120 - INFO - 🚨 Pseudo accuracy too low. Retraining triggered.
2025-04-26 18:26:26,864 - INFO - Epoch 1: Validation Loss = 0.010966
2025-04-26 18:26:32,430 - INFO - Epoch 2: Validation Loss = 0.009409
2025-04-26 18:26:38,037 - INFO - Epoch 3: Validation Loss = 0.007560
2025-04-26 18:26:43,844 - INFO - Epoch 4: Validation Loss = 0.006704
2025-04-26 18:26:49,477 - INFO - Epoch 5: Validation Loss = 0.006839
2025-04-26 18:26:55,071 - INFO - Epoch 6: Validation Loss = 0.007351
2025-04-26 18:27:00,711 - INFO - Epoch 7: Validation Loss = 0.006224
2025-04-26 18:27:06,314 - INFO - Epoch 8: Validation Loss = 0.006218
2025-04-26 18:27:11,896 - INFO - Epoch 9: Validation Loss = 0.006211
2025-04-26 18:27:17,437 - INFO - Epoch 10: Validation Loss = 0.005917
2025-04-26 18:27:22,991 - INFO - Epoch 11: Validation Loss = 0.005980
2025-04-26 18:27:28,470 - INFO - Epoch 12: Validation Loss = 0.006030
2025-04-26 18:27:33,986 - INFO - Epoch 13: Validation Loss = 0.006036
2025-04-26 18:27:39,479 - INFO - Epoch 14: Validation Loss = 0.005743
2025-04-26 18:27:45,086 - INFO - Epoch 15: Validation Loss = 0.005919
2025-04-26 18:27:50,675 - INFO - Epoch 16: Validation Loss = 0.005930
2025-04-26 18:27:56,238 - INFO - Epoch 17: Validation Loss = 0.006093
2025-04-26 18:28:01,869 - INFO - Epoch 18: Validation Loss = 0.005800
2025-04-26 18:28:07,467 - INFO - Epoch 19: Validation Loss = 0.006031
2025-04-26 18:28:07,467 - INFO - ⛔ Early stopping triggered.
2025-04-26 18:28:07,467 - INFO - ✅ Model training completed. Best validation loss: 0.005743
2025-04-26 18:28:07,761 - INFO - ✅ All records inserted for model_id=7
2025-04-26 18:28:07,774 - INFO - ✅ Predictions logged from 2025-04-26 19:00:00 to 2025-04-27 00:00:00.
2025-04-27 01:45:49,430 - INFO - 🔍 Starting evaluation of last 6 predictions...
2025-04-27 01:45:49,450 - INFO - ✅ Evaluation and predictions logged for model_id=7
2025-04-27 01:45:49,450 - INFO - ✅ Evaluation of latest predictions logged.
2025-04-27 01:45:49,469 - INFO - ✅ Predictions logged from 2025-04-26 19:00:00 to 2025-04-27 00:00:00.
2025-04-27 06:28:08,695 - INFO - 🔍 Starting evaluation of last 6 predictions...
2025-04-27 06:28:08,706 - INFO - ✅ Evaluation and predictions logged for model_id=7
2025-04-27 06:28:08,706 - INFO - ✅ Evaluation of latest predictions logged.
2025-04-27 06:28:08,725 - INFO - ✅ Predictions logged from 2025-04-27 07:00:00 to 2025-04-27 12:00:00.
2025-04-27 12:37:34,144 - INFO - 🔍 Starting evaluation of last 6 predictions...
2025-04-27 12:37:34,156 - INFO - ✅ Evaluation and predictions logged for model_id=7
2025-04-27 12:37:34,156 - INFO - ✅ Evaluation of latest predictions logged.
2025-04-27 12:37:34,176 - INFO - ✅ Predictions logged from 2025-04-27 07:00:00 to 2025-04-27 12:00:00.
2025-04-27 18:26:40,461 - INFO - 🔍 Starting evaluation of last 6 predictions...
2025-04-27 18:26:40,469 - INFO - ✅ Evaluation and predictions logged for model_id=7
2025-04-27 18:26:40,469 - INFO - ✅ Evaluation of latest predictions logged.
2025-04-27 18:26:40,470 - INFO - 🚨 Pseudo accuracy too low. Retraining triggered.
2025-04-27 18:26:47,449 - INFO - Epoch 1: Validation Loss = 0.010583
2025-04-27 18:26:52,932 - INFO - Epoch 2: Validation Loss = 0.009017
2025-04-27 18:26:58,513 - INFO - Epoch 3: Validation Loss = 0.008465
2025-04-27 18:27:04,133 - INFO - Epoch 4: Validation Loss = 0.007755
2025-04-27 18:27:09,814 - INFO - Epoch 5: Validation Loss = 0.007138
2025-04-27 18:27:15,299 - INFO - Epoch 6: Validation Loss = 0.007001
2025-04-27 18:27:20,836 - INFO - Epoch 7: Validation Loss = 0.006598
2025-04-27 18:27:26,367 - INFO - Epoch 8: Validation Loss = 0.007557
2025-04-27 18:27:31,951 - INFO - Epoch 9: Validation Loss = 0.006684
2025-04-27 18:27:37,585 - INFO - Epoch 10: Validation Loss = 0.006455
2025-04-27 18:27:43,147 - INFO - Epoch 11: Validation Loss = 0.007008
2025-04-27 18:27:48,707 - INFO - Epoch 12: Validation Loss = 0.006712
2025-04-27 18:27:54,280 - INFO - Epoch 13: Validation Loss = 0.006139
2025-04-27 18:27:59,868 - INFO - Epoch 14: Validation Loss = 0.007123
2025-04-27 18:28:05,468 - INFO - Epoch 15: Validation Loss = 0.006007
2025-04-27 18:28:11,045 - INFO - Epoch 16: Validation Loss = 0.005990
2025-04-27 18:28:16,618 - INFO - Epoch 17: Validation Loss = 0.005960
2025-04-27 18:28:22,165 - INFO - Epoch 18: Validation Loss = 0.006730
2025-04-27 18:28:27,708 - INFO - Epoch 19: Validation Loss = 0.006082
2025-04-27 18:28:33,413 - INFO - Epoch 20: Validation Loss = 0.005725
2025-04-27 18:28:38,999 - INFO - Epoch 21: Validation Loss = 0.006192
2025-04-27 18:28:44,559 - INFO - Epoch 22: Validation Loss = 0.006074
2025-04-27 18:28:50,119 - INFO - Epoch 23: Validation Loss = 0.005780
2025-04-27 18:28:55,662 - INFO - Epoch 24: Validation Loss = 0.006329
2025-04-27 18:29:01,235 - INFO - Epoch 25: Validation Loss = 0.005852
2025-04-27 18:29:01,235 - INFO - ⛔ Early stopping triggered.
2025-04-27 18:29:01,235 - INFO - ✅ Model training completed. Best validation loss: 0.005725
2025-04-27 18:29:01,532 - INFO - ✅ All records inserted for model_id=8
2025-04-27 18:29:01,545 - INFO - ✅ Predictions logged from 2025-04-27 19:00:00 to 2025-04-28 00:00:00.
2025-04-28 01:43:50,958 - INFO - 🔍 Starting evaluation of last 6 predictions...
2025-04-28 01:43:50,971 - INFO - ✅ Evaluation and predictions logged for model_id=8
2025-04-28 01:43:50,971 - INFO - ✅ Evaluation of latest predictions logged.
2025-04-28 01:43:50,971 - INFO - 🚨 Pseudo accuracy too low. Retraining triggered.
2025-04-28 01:43:58,155 - INFO - Epoch 1: Validation Loss = 0.010239
2025-04-28 01:44:03,385 - INFO - Epoch 2: Validation Loss = 0.009221
2025-04-28 01:44:08,597 - INFO - Epoch 3: Validation Loss = 0.007371
2025-04-28 01:44:13,908 - INFO - Epoch 4: Validation Loss = 0.007252
2025-04-28 01:44:19,099 - INFO - Epoch 5: Validation Loss = 0.007577
2025-04-28 01:44:24,233 - INFO - Epoch 6: Validation Loss = 0.006531
2025-04-28 01:44:29,406 - INFO - Epoch 7: Validation Loss = 0.006442
2025-04-28 01:44:34,570 - INFO - Epoch 8: Validation Loss = 0.006499
2025-04-28 01:44:39,717 - INFO - Epoch 9: Validation Loss = 0.006057
2025-04-28 01:44:44,903 - INFO - Epoch 10: Validation Loss = 0.006011
2025-04-28 01:44:50,101 - INFO - Epoch 11: Validation Loss = 0.006043
2025-04-28 01:44:55,250 - INFO - Epoch 12: Validation Loss = 0.006058
2025-04-28 01:45:00,483 - INFO - Epoch 13: Validation Loss = 0.005836
2025-04-28 01:45:05,694 - INFO - Epoch 14: Validation Loss = 0.005942
2025-04-28 01:45:10,839 - INFO - Epoch 15: Validation Loss = 0.006670
2025-04-28 01:45:16,020 - INFO - Epoch 16: Validation Loss = 0.005974
2025-04-28 01:45:21,222 - INFO - Epoch 17: Validation Loss = 0.006023
2025-04-28 01:45:26,467 - INFO - Epoch 18: Validation Loss = 0.006158
2025-04-28 01:45:26,467 - INFO - ⛔ Early stopping triggered.
2025-04-28 01:45:26,467 - INFO - ✅ Model training completed. Best validation loss: 0.005836
2025-04-28 01:45:26,758 - INFO - ✅ All records inserted for model_id=9
2025-04-28 01:45:26,770 - INFO - ✅ Predictions logged from 2025-04-27 19:00:00 to 2025-04-28 00:00:00.
2025-04-28 06:37:27,021 - INFO - 🔍 Starting evaluation of last 6 predictions...
2025-04-28 06:37:27,030 - INFO - ✅ Evaluation and predictions logged for model_id=9
2025-04-28 06:37:27,030 - INFO - ✅ Evaluation of latest predictions logged.
2025-04-28 06:37:27,048 - INFO - ✅ Predictions logged from 2025-04-28 07:00:00 to 2025-04-28 12:00:00.
2025-04-28 12:45:06,420 - INFO - 🔍 Starting evaluation of last 6 predictions...
2025-04-28 12:45:06,433 - INFO - ✅ Evaluation and predictions logged for model_id=9
2025-04-28 12:45:06,433 - INFO - ✅ Evaluation of latest predictions logged.
2025-04-28 12:45:06,453 - INFO - ✅ Predictions logged from 2025-04-28 07:00:00 to 2025-04-28 12:00:00.
2025-04-28 18:30:17,137 - INFO - 🔍 Starting evaluation of last 6 predictions...
2025-04-28 18:30:17,149 - INFO - ✅ Evaluation and predictions logged for model_id=9
2025-04-28 18:30:17,149 - INFO - ✅ Evaluation of latest predictions logged.
2025-04-28 18:30:17,149 - INFO - 🚨 Pseudo accuracy too low. Retraining triggered.
2025-04-28 18:30:24,180 - INFO - Epoch 1: Validation Loss = 0.011396
2025-04-28 18:30:29,579 - INFO - Epoch 2: Validation Loss = 0.009144
2025-04-28 18:30:34,930 - INFO - Epoch 3: Validation Loss = 0.007718
2025-04-28 18:30:40,250 - INFO - Epoch 4: Validation Loss = 0.007199
2025-04-28 18:30:45,630 - INFO - Epoch 5: Validation Loss = 0.007212
2025-04-28 18:30:51,126 - INFO - Epoch 6: Validation Loss = 0.006637
2025-04-28 18:30:56,645 - INFO - Epoch 7: Validation Loss = 0.006663
2025-04-28 18:31:02,111 - INFO - Epoch 8: Validation Loss = 0.006376
2025-04-28 18:31:07,594 - INFO - Epoch 9: Validation Loss = 0.006479
2025-04-28 18:31:13,061 - INFO - Epoch 10: Validation Loss = 0.006938
2025-04-28 18:31:18,538 - INFO - Epoch 11: Validation Loss = 0.006454
2025-04-28 18:31:24,070 - INFO - Epoch 12: Validation Loss = 0.006175
2025-04-28 18:31:29,403 - INFO - Epoch 13: Validation Loss = 0.007773
2025-04-28 18:31:34,771 - INFO - Epoch 14: Validation Loss = 0.006043
2025-04-28 18:31:40,191 - INFO - Epoch 15: Validation Loss = 0.006030
2025-04-28 18:31:45,570 - INFO - Epoch 16: Validation Loss = 0.006319
2025-04-28 18:31:51,006 - INFO - Epoch 17: Validation Loss = 0.006150
2025-04-28 18:31:56,487 - INFO - Epoch 18: Validation Loss = 0.005803
2025-04-28 18:32:01,930 - INFO - Epoch 19: Validation Loss = 0.006678
2025-04-28 18:32:07,407 - INFO - Epoch 20: Validation Loss = 0.006214
2025-04-28 18:32:12,786 - INFO - Epoch 21: Validation Loss = 0.006030
2025-04-28 18:32:18,167 - INFO - Epoch 22: Validation Loss = 0.006504
2025-04-28 18:32:23,606 - INFO - Epoch 23: Validation Loss = 0.005784
2025-04-28 18:32:29,074 - INFO - Epoch 24: Validation Loss = 0.005999
2025-04-28 18:32:34,538 - INFO - Epoch 25: Validation Loss = 0.006330
2025-04-28 18:32:39,953 - INFO - Epoch 26: Validation Loss = 0.006282
2025-04-28 18:32:45,461 - INFO - Epoch 27: Validation Loss = 0.005990
2025-04-28 18:32:50,937 - INFO - Epoch 28: Validation Loss = 0.006100
2025-04-28 18:32:50,937 - INFO - ⛔ Early stopping triggered.
2025-04-28 18:32:50,937 - INFO - ✅ Model training completed. Best validation loss: 0.005784
2025-04-28 18:32:51,243 - INFO - ✅ All records inserted for model_id=10
2025-04-28 18:32:51,256 - INFO - ✅ Predictions logged from 2025-04-28 19:00:00 to 2025-04-29 00:00:00.
2025-04-29 01:42:17,797 - INFO - 🔍 Starting evaluation of last 6 predictions...
2025-04-29 01:42:17,810 - INFO - ✅ Evaluation and predictions logged for model_id=10
2025-04-29 01:42:17,810 - INFO - ✅ Evaluation of latest predictions logged.
2025-04-29 01:42:17,811 - INFO - 🚨 Pseudo accuracy too low. Retraining triggered.
2025-04-29 01:42:24,584 - INFO - Epoch 1: Validation Loss = 0.010273
2025-04-29 01:42:30,117 - INFO - Epoch 2: Validation Loss = 0.008660
2025-04-29 01:42:35,718 - INFO - Epoch 3: Validation Loss = 0.008376
2025-04-29 01:42:41,379 - INFO - Epoch 4: Validation Loss = 0.007568
2025-04-29 01:42:47,045 - INFO - Epoch 5: Validation Loss = 0.006722
2025-04-29 01:42:52,501 - INFO - Epoch 6: Validation Loss = 0.007364
2025-04-29 01:42:57,919 - INFO - Epoch 7: Validation Loss = 0.006762
2025-04-29 01:43:03,242 - INFO - Epoch 8: Validation Loss = 0.006233
2025-04-29 01:43:08,698 - INFO - Epoch 9: Validation Loss = 0.006955
2025-04-29 01:43:14,084 - INFO - Epoch 10: Validation Loss = 0.006165
2025-04-29 01:43:19,655 - INFO - Epoch 11: Validation Loss = 0.006019
2025-04-29 01:43:25,241 - INFO - Epoch 12: Validation Loss = 0.006137
2025-04-29 01:43:30,797 - INFO - Epoch 13: Validation Loss = 0.006866
2025-04-29 01:43:36,309 - INFO - Epoch 14: Validation Loss = 0.005989
2025-04-29 01:43:41,652 - INFO - Epoch 15: Validation Loss = 0.006499
2025-04-29 01:43:47,080 - INFO - Epoch 16: Validation Loss = 0.006140
2025-04-29 01:43:52,589 - INFO - Epoch 17: Validation Loss = 0.006372
2025-04-29 01:43:58,030 - INFO - Epoch 18: Validation Loss = 0.006051
2025-04-29 01:44:03,486 - INFO - Epoch 19: Validation Loss = 0.006170
2025-04-29 01:44:03,487 - INFO - ⛔ Early stopping triggered.
2025-04-29 01:44:03,487 - INFO - ✅ Model training completed. Best validation loss: 0.005989
2025-04-29 01:44:03,781 - INFO - ✅ All records inserted for model_id=11
2025-04-29 01:44:03,793 - INFO - ✅ Predictions logged from 2025-04-28 19:00:00 to 2025-04-29 00:00:00.
2025-04-29 06:30:56,373 - INFO - 🔍 Starting evaluation of last 6 predictions...
2025-04-29 06:30:56,382 - INFO - ✅ Evaluation and predictions logged for model_id=11
2025-04-29 06:30:56,382 - INFO - ✅ Evaluation of latest predictions logged.
2025-04-29 06:30:56,382 - INFO - 🚨 Pseudo accuracy too low. Retraining triggered.
2025-04-29 06:31:03,231 - INFO - Epoch 1: Validation Loss = 0.011694
2025-04-29 06:31:08,745 - INFO - Epoch 2: Validation Loss = 0.008761
2025-04-29 06:31:14,316 - INFO - Epoch 3: Validation Loss = 0.007628
2025-04-29 06:31:19,874 - INFO - Epoch 4: Validation Loss = 0.007298
2025-04-29 06:31:25,597 - INFO - Epoch 5: Validation Loss = 0.007087
2025-04-29 06:31:31,223 - INFO - Epoch 6: Validation Loss = 0.007070
2025-04-29 06:31:36,848 - INFO - Epoch 7: Validation Loss = 0.006368
2025-04-29 06:31:42,433 - INFO - Epoch 8: Validation Loss = 0.006139
2025-04-29 06:31:48,008 - INFO - Epoch 9: Validation Loss = 0.006377
2025-04-29 06:31:53,651 - INFO - Epoch 10: Validation Loss = 0.006770
2025-04-29 06:31:59,332 - INFO - Epoch 11: Validation Loss = 0.006130
2025-04-29 06:32:04,944 - INFO - Epoch 12: Validation Loss = 0.006041
2025-04-29 06:32:10,548 - INFO - Epoch 13: Validation Loss = 0.006393
2025-04-29 06:32:16,135 - INFO - Epoch 14: Validation Loss = 0.006346
2025-04-29 06:32:21,706 - INFO - Epoch 15: Validation Loss = 0.006131
2025-04-29 06:32:27,407 - INFO - Epoch 16: Validation Loss = 0.006039
2025-04-29 06:32:33,051 - INFO - Epoch 17: Validation Loss = 0.006232
2025-04-29 06:32:38,663 - INFO - Epoch 18: Validation Loss = 0.006739
2025-04-29 06:32:44,260 - INFO - Epoch 19: Validation Loss = 0.005771
2025-04-29 06:32:49,853 - INFO - Epoch 20: Validation Loss = 0.006442
2025-04-29 06:32:55,433 - INFO - Epoch 21: Validation Loss = 0.006263
2025-04-29 06:33:01,039 - INFO - Epoch 22: Validation Loss = 0.006087
2025-04-29 06:33:06,660 - INFO - Epoch 23: Validation Loss = 0.006139
2025-04-29 06:33:12,266 - INFO - Epoch 24: Validation Loss = 0.005903
2025-04-29 06:33:12,266 - INFO - ⛔ Early stopping triggered.
2025-04-29 06:33:12,266 - INFO - ✅ Model training completed. Best validation loss: 0.005771
2025-04-29 06:33:12,568 - INFO - ✅ All records inserted for model_id=12
2025-04-29 06:33:12,580 - INFO - ✅ Predictions logged from 2025-04-29 07:00:00 to 2025-04-29 12:00:00.
2025-04-29 12:43:55,279 - INFO - 🔍 Starting evaluation of last 6 predictions...
2025-04-29 12:43:55,297 - INFO - ✅ Evaluation and predictions logged for model_id=12
2025-04-29 12:43:55,297 - INFO - ✅ Evaluation of latest predictions logged.
2025-04-29 12:43:55,298 - INFO - 🚨 Pseudo accuracy too low. Retraining triggered.
2025-04-29 12:44:02,105 - INFO - Epoch 1: Validation Loss = 0.011929
2025-04-29 12:44:07,714 - INFO - Epoch 2: Validation Loss = 0.009449
2025-04-29 12:44:13,317 - INFO - Epoch 3: Validation Loss = 0.009813
2025-04-29 12:44:18,901 - INFO - Epoch 4: Validation Loss = 0.007764
2025-04-29 12:44:24,566 - INFO - Epoch 5: Validation Loss = 0.006879
2025-04-29 12:44:30,079 - INFO - Epoch 6: Validation Loss = 0.006780
2025-04-29 12:44:35,626 - INFO - Epoch 7: Validation Loss = 0.006559
2025-04-29 12:44:41,133 - INFO - Epoch 8: Validation Loss = 0.006206
2025-04-29 12:44:46,609 - INFO - Epoch 9: Validation Loss = 0.006287
2025-04-29 12:44:52,068 - INFO - Epoch 10: Validation Loss = 0.006340
2025-04-29 12:44:57,513 - INFO - Epoch 11: Validation Loss = 0.006132
2025-04-29 12:45:02,949 - INFO - Epoch 12: Validation Loss = 0.005901
2025-04-29 12:45:08,454 - INFO - Epoch 13: Validation Loss = 0.005916
2025-04-29 12:45:13,852 - INFO - Epoch 14: Validation Loss = 0.006390
2025-04-29 12:45:19,238 - INFO - Epoch 15: Validation Loss = 0.007112
2025-04-29 12:45:24,605 - INFO - Epoch 16: Validation Loss = 0.005960
2025-04-29 12:45:30,021 - INFO - Epoch 17: Validation Loss = 0.006281
2025-04-29 12:45:30,021 - INFO - ⛔ Early stopping triggered.
2025-04-29 12:45:30,021 - INFO - ✅ Model training completed. Best validation loss: 0.005901
2025-04-29 12:45:30,318 - INFO - ✅ All records inserted for model_id=13
2025-04-29 12:45:30,330 - INFO - ✅ Predictions logged from 2025-04-29 07:00:00 to 2025-04-29 12:00:00.
2025-04-29 18:28:49,314 - INFO - 🔍 Starting evaluation of last 6 predictions...
2025-04-29 18:28:49,326 - INFO - ✅ Evaluation and predictions logged for model_id=13
2025-04-29 18:28:49,326 - INFO - ✅ Evaluation of latest predictions logged.
2025-04-29 18:28:49,327 - INFO - 🚨 Pseudo accuracy too low. Retraining triggered.
2025-04-29 18:28:56,369 - INFO - Epoch 1: Validation Loss = 0.012354
2025-04-29 18:29:01,852 - INFO - Epoch 2: Validation Loss = 0.008733
2025-04-29 18:29:07,299 - INFO - Epoch 3: Validation Loss = 0.007300
2025-04-29 18:29:12,802 - INFO - Epoch 4: Validation Loss = 0.007043
2025-04-29 18:29:18,316 - INFO - Epoch 5: Validation Loss = 0.007920
2025-04-29 18:29:23,932 - INFO - Epoch 6: Validation Loss = 0.007417
2025-04-29 18:29:29,518 - INFO - Epoch 7: Validation Loss = 0.006584
2025-04-29 18:29:35,088 - INFO - Epoch 8: Validation Loss = 0.007263
2025-04-29 18:29:40,625 - INFO - Epoch 9: Validation Loss = 0.007204
2025-04-29 18:29:46,205 - INFO - Epoch 10: Validation Loss = 0.006811
2025-04-29 18:29:51,803 - INFO - Epoch 11: Validation Loss = 0.006155
2025-04-29 18:29:57,359 - INFO - Epoch 12: Validation Loss = 0.006218
2025-04-29 18:30:02,996 - INFO - Epoch 13: Validation Loss = 0.006097
2025-04-29 18:30:08,395 - INFO - Epoch 14: Validation Loss = 0.006424
2025-04-29 18:30:13,765 - INFO - Epoch 15: Validation Loss = 0.006101
2025-04-29 18:30:19,210 - INFO - Epoch 16: Validation Loss = 0.005919
2025-04-29 18:30:24,666 - INFO - Epoch 17: Validation Loss = 0.006310
2025-04-29 18:30:30,170 - INFO - Epoch 18: Validation Loss = 0.006090
2025-04-29 18:30:35,658 - INFO - Epoch 19: Validation Loss = 0.006209
2025-04-29 18:30:41,067 - INFO - Epoch 20: Validation Loss = 0.005814
2025-04-29 18:30:46,470 - INFO - Epoch 21: Validation Loss = 0.006423
2025-04-29 18:30:51,872 - INFO - Epoch 22: Validation Loss = 0.006048
2025-04-29 18:30:57,328 - INFO - Epoch 23: Validation Loss = 0.005975
2025-04-29 18:31:02,768 - INFO - Epoch 24: Validation Loss = 0.006027
2025-04-29 18:31:08,188 - INFO - Epoch 25: Validation Loss = 0.006336
2025-04-29 18:31:08,188 - INFO - ⛔ Early stopping triggered.
2025-04-29 18:31:08,188 - INFO - ✅ Model training completed. Best validation loss: 0.005814
2025-04-29 18:31:08,494 - INFO - ✅ All records inserted for model_id=14
2025-04-29 18:31:08,506 - INFO - ✅ Predictions logged from 2025-04-29 19:00:00 to 2025-04-30 00:00:00.
2025-04-30 01:41:23,708 - INFO - 🔍 Starting evaluation of last 6 predictions...
2025-04-30 01:41:23,719 - INFO - ✅ Evaluation and predictions logged for model_id=14
2025-04-30 01:41:23,719 - INFO - ✅ Evaluation of latest predictions logged.
2025-04-30 01:41:23,720 - INFO - 🚨 Pseudo accuracy too low. Retraining triggered.
2025-04-30 01:41:30,436 - INFO - Epoch 1: Validation Loss = 0.012235
2025-04-30 01:41:35,888 - INFO - Epoch 2: Validation Loss = 0.008669
2025-04-30 01:41:41,372 - INFO - Epoch 3: Validation Loss = 0.008310
2025-04-30 01:41:47,042 - INFO - Epoch 4: Validation Loss = 0.009854
2025-04-30 01:41:52,649 - INFO - Epoch 5: Validation Loss = 0.007201
2025-04-30 01:41:58,237 - INFO - Epoch 6: Validation Loss = 0.009827
2025-04-30 01:42:03,805 - INFO - Epoch 7: Validation Loss = 0.007177
2025-04-30 01:42:09,416 - INFO - Epoch 8: Validation Loss = 0.006227
2025-04-30 01:42:14,944 - INFO - Epoch 9: Validation Loss = 0.006229
2025-04-30 01:42:20,509 - INFO - Epoch 10: Validation Loss = 0.007982
2025-04-30 01:42:26,056 - INFO - Epoch 11: Validation Loss = 0.006392
2025-04-30 01:42:31,643 - INFO - Epoch 12: Validation Loss = 0.005979
2025-04-30 01:42:37,201 - INFO - Epoch 13: Validation Loss = 0.006854
2025-04-30 01:42:42,717 - INFO - Epoch 14: Validation Loss = 0.005974
2025-04-30 01:42:48,283 - INFO - Epoch 15: Validation Loss = 0.009110
2025-04-30 01:42:53,854 - INFO - Epoch 16: Validation Loss = 0.006708
2025-04-30 01:42:59,454 - INFO - Epoch 17: Validation Loss = 0.006062
2025-04-30 01:43:05,009 - INFO - Epoch 18: Validation Loss = 0.006447
2025-04-30 01:43:10,507 - INFO - Epoch 19: Validation Loss = 0.006191
2025-04-30 01:43:10,507 - INFO - ⛔ Early stopping triggered.
2025-04-30 01:43:10,507 - INFO - ✅ Model training completed. Best validation loss: 0.005974
2025-04-30 01:43:10,803 - INFO - ✅ All records inserted for model_id=15
2025-04-30 01:43:10,816 - INFO - ✅ Predictions logged from 2025-04-29 19:00:00 to 2025-04-30 00:00:00.
2025-04-30 06:30:39,316 - INFO - 🔍 Starting evaluation of last 6 predictions...
2025-04-30 06:30:39,324 - INFO - ✅ Evaluation and predictions logged for model_id=15
2025-04-30 06:30:39,324 - INFO - ✅ Evaluation of latest predictions logged.
2025-04-30 06:30:39,325 - INFO - 🚨 Pseudo accuracy too low. Retraining triggered.
2025-04-30 06:30:46,199 - INFO - Epoch 1: Validation Loss = 0.010435
2025-04-30 06:30:51,518 - INFO - Epoch 2: Validation Loss = 0.009079
2025-04-30 06:30:56,892 - INFO - Epoch 3: Validation Loss = 0.007633
2025-04-30 06:31:02,525 - INFO - Epoch 4: Validation Loss = 0.007562
2025-04-30 06:31:08,004 - INFO - Epoch 5: Validation Loss = 0.007786
2025-04-30 06:31:13,449 - INFO - Epoch 6: Validation Loss = 0.006794
2025-04-30 06:31:18,908 - INFO - Epoch 7: Validation Loss = 0.006617
2025-04-30 06:31:24,367 - INFO - Epoch 8: Validation Loss = 0.006535
2025-04-30 06:31:29,734 - INFO - Epoch 9: Validation Loss = 0.006085
2025-04-30 06:31:35,175 - INFO - Epoch 10: Validation Loss = 0.007036
2025-04-30 06:31:40,576 - INFO - Epoch 11: Validation Loss = 0.006968
2025-04-30 06:31:45,987 - INFO - Epoch 12: Validation Loss = 0.006270
2025-04-30 06:31:51,412 - INFO - Epoch 13: Validation Loss = 0.006160
2025-04-30 06:31:56,787 - INFO - Epoch 14: Validation Loss = 0.005989
2025-04-30 06:32:02,214 - INFO - Epoch 15: Validation Loss = 0.006033
2025-04-30 06:32:07,612 - INFO - Epoch 16: Validation Loss = 0.006017
2025-04-30 06:32:13,021 - INFO - Epoch 17: Validation Loss = 0.006300
2025-04-30 06:32:18,467 - INFO - Epoch 18: Validation Loss = 0.006211
2025-04-30 06:32:23,844 - INFO - Epoch 19: Validation Loss = 0.006248
2025-04-30 06:32:23,844 - INFO - ⛔ Early stopping triggered.
2025-04-30 06:32:23,844 - INFO - ✅ Model training completed. Best validation loss: 0.005989
2025-04-30 06:32:24,140 - INFO - ✅ All records inserted for model_id=16
2025-04-30 06:32:24,153 - INFO - ✅ Predictions logged from 2025-04-30 07:00:00 to 2025-04-30 12:00:00.
2025-04-30 12:41:10,568 - INFO - 🔍 Starting evaluation of last 6 predictions...
2025-04-30 12:41:10,583 - INFO - ✅ Evaluation and predictions logged for model_id=16
2025-04-30 12:41:10,583 - INFO - ✅ Evaluation of latest predictions logged.
2025-04-30 12:41:10,584 - INFO - 🚨 Pseudo accuracy too low. Retraining triggered.
2025-04-30 12:41:18,056 - INFO - Epoch 1: Validation Loss = 0.010416
2025-04-30 12:41:23,292 - INFO - Epoch 2: Validation Loss = 0.008593
2025-04-30 12:41:28,450 - INFO - Epoch 3: Validation Loss = 0.008909
2025-04-30 12:41:33,652 - INFO - Epoch 4: Validation Loss = 0.007193
2025-04-30 12:41:38,855 - INFO - Epoch 5: Validation Loss = 0.007392
2025-04-30 12:41:43,895 - INFO - Epoch 6: Validation Loss = 0.006557
2025-04-30 12:41:49,017 - INFO - Epoch 7: Validation Loss = 0.006956
2025-04-30 12:41:54,065 - INFO - Epoch 8: Validation Loss = 0.006415
2025-04-30 12:41:59,247 - INFO - Epoch 9: Validation Loss = 0.007070
2025-04-30 12:42:04,418 - INFO - Epoch 10: Validation Loss = 0.006349
2025-04-30 12:42:09,526 - INFO - Epoch 11: Validation Loss = 0.006078
2025-04-30 12:42:14,674 - INFO - Epoch 12: Validation Loss = 0.006647
2025-04-30 12:42:19,757 - INFO - Epoch 13: Validation Loss = 0.006166
2025-04-30 12:42:24,875 - INFO - Epoch 14: Validation Loss = 0.006435
2025-04-30 12:42:29,974 - INFO - Epoch 15: Validation Loss = 0.005942
2025-04-30 12:42:35,033 - INFO - Epoch 16: Validation Loss = 0.006597
2025-04-30 12:42:40,110 - INFO - Epoch 17: Validation Loss = 0.006158
2025-04-30 12:42:45,186 - INFO - Epoch 18: Validation Loss = 0.006218
2025-04-30 12:42:50,244 - INFO - Epoch 19: Validation Loss = 0.006325
2025-04-30 12:42:55,378 - INFO - Epoch 20: Validation Loss = 0.006025
2025-04-30 12:42:55,378 - INFO - ⛔ Early stopping triggered.
2025-04-30 12:42:55,378 - INFO - ✅ Model training completed. Best validation loss: 0.005942
2025-04-30 12:42:55,679 - INFO - ✅ All records inserted for model_id=17
2025-04-30 12:42:55,694 - INFO - ✅ Predictions logged from 2025-04-30 07:00:00 to 2025-04-30 12:00:00.
2025-04-30 18:29:46,592 - INFO - 🔍 Starting evaluation of last 6 predictions...
2025-04-30 18:29:46,601 - INFO - ✅ Evaluation and predictions logged for model_id=17
2025-04-30 18:29:46,602 - INFO - ✅ Evaluation of latest predictions logged.
2025-04-30 18:29:46,602 - INFO - 🚨 Pseudo accuracy too low. Retraining triggered.
2025-04-30 18:29:53,696 - INFO - Epoch 1: Validation Loss = 0.010891
2025-04-30 18:29:59,147 - INFO - Epoch 2: Validation Loss = 0.008606
2025-04-30 18:30:04,660 - INFO - Epoch 3: Validation Loss = 0.007806
2025-04-30 18:30:10,222 - INFO - Epoch 4: Validation Loss = 0.007240
2025-04-30 18:30:15,827 - INFO - Epoch 5: Validation Loss = 0.007027
2025-04-30 18:30:21,363 - INFO - Epoch 6: Validation Loss = 0.007594
2025-04-30 18:30:26,874 - INFO - Epoch 7: Validation Loss = 0.007515
2025-04-30 18:30:32,404 - INFO - Epoch 8: Validation Loss = 0.006492
2025-04-30 18:30:37,927 - INFO - Epoch 9: Validation Loss = 0.006885
2025-04-30 18:30:43,465 - INFO - Epoch 10: Validation Loss = 0.006430
2025-04-30 18:30:48,991 - INFO - Epoch 11: Validation Loss = 0.006833
2025-04-30 18:30:54,582 - INFO - Epoch 12: Validation Loss = 0.006129
2025-04-30 18:31:00,163 - INFO - Epoch 13: Validation Loss = 0.006263
2025-04-30 18:31:05,692 - INFO - Epoch 14: Validation Loss = 0.006230
2025-04-30 18:31:11,305 - INFO - Epoch 15: Validation Loss = 0.006533
2025-04-30 18:31:16,807 - INFO - Epoch 16: Validation Loss = 0.006444
2025-04-30 18:31:22,342 - INFO - Epoch 17: Validation Loss = 0.006157
2025-04-30 18:31:22,342 - INFO - ⛔ Early stopping triggered.
2025-04-30 18:31:22,342 - INFO - ✅ Model training completed. Best validation loss: 0.006129
2025-04-30 18:31:22,653 - INFO - ✅ All records inserted for model_id=18
2025-04-30 18:31:22,666 - INFO - ✅ Predictions logged from 2025-04-30 19:00:00 to 2025-05-01 00:00:00.
2025-05-01 01:49:53,324 - INFO - 🔍 Starting evaluation of last 6 predictions...
2025-05-01 01:49:53,337 - INFO - ✅ Evaluation and predictions logged for model_id=18
2025-05-01 01:49:53,337 - INFO - ✅ Evaluation of latest predictions logged.
2025-05-01 01:49:53,337 - INFO - 🚨 Pseudo accuracy too low. Retraining triggered.
2025-05-01 01:50:00,223 - INFO - Epoch 1: Validation Loss = 0.010248
2025-05-01 01:50:05,622 - INFO - Epoch 2: Validation Loss = 0.009516
2025-05-01 01:50:11,029 - INFO - Epoch 3: Validation Loss = 0.009237
2025-05-01 01:50:16,443 - INFO - Epoch 4: Validation Loss = 0.008386
2025-05-01 01:50:22,050 - INFO - Epoch 5: Validation Loss = 0.006975
2025-05-01 01:50:27,492 - INFO - Epoch 6: Validation Loss = 0.007343
2025-05-01 01:50:32,924 - INFO - Epoch 7: Validation Loss = 0.006359
2025-05-01 01:50:38,337 - INFO - Epoch 8: Validation Loss = 0.006906
2025-05-01 01:50:43,733 - INFO - Epoch 9: Validation Loss = 0.006797
2025-05-01 01:50:49,130 - INFO - Epoch 10: Validation Loss = 0.006157
2025-05-01 01:50:54,441 - INFO - Epoch 11: Validation Loss = 0.006532
2025-05-01 01:50:59,853 - INFO - Epoch 12: Validation Loss = 0.006263
2025-05-01 01:51:05,298 - INFO - Epoch 13: Validation Loss = 0.006241
2025-05-01 01:51:10,668 - INFO - Epoch 14: Validation Loss = 0.006026
2025-05-01 01:51:16,047 - INFO - Epoch 15: Validation Loss = 0.006273
2025-05-01 01:51:21,552 - INFO - Epoch 16: Validation Loss = 0.005985
2025-05-01 01:51:27,139 - INFO - Epoch 17: Validation Loss = 0.005928
2025-05-01 01:51:32,605 - INFO - Epoch 18: Validation Loss = 0.006200
2025-05-01 01:51:38,032 - INFO - Epoch 19: Validation Loss = 0.006838
2025-05-01 01:51:43,448 - INFO - Epoch 20: Validation Loss = 0.006279
2025-05-01 01:51:48,900 - INFO - Epoch 21: Validation Loss = 0.005955
2025-05-01 01:51:54,321 - INFO - Epoch 22: Validation Loss = 0.006109
2025-05-01 01:51:54,321 - INFO - ⛔ Early stopping triggered.
2025-05-01 01:51:54,321 - INFO - ✅ Model training completed. Best validation loss: 0.005928
2025-05-01 01:51:54,620 - INFO - ✅ All records inserted for model_id=19
2025-05-01 01:51:54,633 - INFO - ✅ Predictions logged from 2025-04-30 19:00:00 to 2025-05-01 00:00:00.
2025-05-01 06:30:56,209 - INFO - 🔍 Starting evaluation of last 6 predictions...
2025-05-01 06:30:56,219 - INFO - ✅ Evaluation and predictions logged for model_id=19
2025-05-01 06:30:56,219 - INFO - ✅ Evaluation of latest predictions logged.
2025-05-01 06:30:56,238 - INFO - ✅ Predictions logged from 2025-05-01 07:00:00 to 2025-05-01 12:00:00.
2025-05-01 12:40:26,166 - INFO - 🔍 Starting evaluation of last 6 predictions...
2025-05-01 12:40:26,180 - INFO - ✅ Evaluation and predictions logged for model_id=19
2025-05-01 12:40:26,180 - INFO - ✅ Evaluation of latest predictions logged.
2025-05-01 12:40:26,202 - INFO - ✅ Predictions logged from 2025-05-01 07:00:00 to 2025-05-01 12:00:00.
2025-05-01 18:29:42,278 - INFO - 🔍 Starting evaluation of last 6 predictions...
2025-05-01 18:29:42,287 - INFO - ✅ Evaluation and predictions logged for model_id=19
2025-05-01 18:29:42,287 - INFO - ✅ Evaluation of latest predictions logged.
2025-05-01 18:29:42,305 - INFO - ✅ Predictions logged from 2025-05-01 19:00:00 to 2025-05-02 00:00:00.
2025-05-02 01:42:01,205 - INFO - 🔍 Starting evaluation of last 6 predictions...
2025-05-02 01:42:01,218 - INFO - ✅ Evaluation and predictions logged for model_id=19
2025-05-02 01:42:01,218 - INFO - ✅ Evaluation of latest predictions logged.
2025-05-02 01:42:01,242 - INFO - ✅ Predictions logged from 2025-05-01 19:00:00 to 2025-05-02 00:00:00.
2025-05-02 06:30:28,078 - INFO - 🔍 Starting evaluation of last 6 predictions...
2025-05-02 06:30:28,211 - INFO - ✅ Evaluation and predictions logged for model_id=19
2025-05-02 06:30:28,212 - INFO - ✅ Evaluation of latest predictions logged.
2025-05-02 06:30:28,212 - INFO - 🚨 Pseudo accuracy too low. Retraining triggered.
2025-05-02 06:30:35,110 - INFO - Epoch 1: Validation Loss = 0.010280
2025-05-02 06:30:40,580 - INFO - Epoch 2: Validation Loss = 0.008984
2025-05-02 06:30:46,111 - INFO - Epoch 3: Validation Loss = 0.007884
2025-05-02 06:30:51,631 - INFO - Epoch 4: Validation Loss = 0.007561
2025-05-02 06:30:57,195 - INFO - Epoch 5: Validation Loss = 0.007197
2025-05-02 06:31:02,863 - INFO - Epoch 6: Validation Loss = 0.006917
2025-05-02 06:31:08,474 - INFO - Epoch 7: Validation Loss = 0.007876
2025-05-02 06:31:14,044 - INFO - Epoch 8: Validation Loss = 0.007097
2025-05-02 06:31:19,642 - INFO - Epoch 9: Validation Loss = 0.007017
2025-05-02 06:31:25,336 - INFO - Epoch 10: Validation Loss = 0.006731
2025-05-02 06:31:30,893 - INFO - Epoch 11: Validation Loss = 0.006592
2025-05-02 06:31:36,457 - INFO - Epoch 12: Validation Loss = 0.006249
2025-05-02 06:31:41,961 - INFO - Epoch 13: Validation Loss = 0.006246
2025-05-02 06:31:47,581 - INFO - Epoch 14: Validation Loss = 0.006849
2025-05-02 06:31:53,096 - INFO - Epoch 15: Validation Loss = 0.006759
2025-05-02 06:31:58,616 - INFO - Epoch 16: Validation Loss = 0.006625
2025-05-02 06:32:04,176 - INFO - Epoch 17: Validation Loss = 0.006576
2025-05-02 06:32:09,670 - INFO - Epoch 18: Validation Loss = 0.006095
2025-05-02 06:32:15,135 - INFO - Epoch 19: Validation Loss = 0.006328
2025-05-02 06:32:20,620 - INFO - Epoch 20: Validation Loss = 0.006360
2025-05-02 06:32:26,098 - INFO - Epoch 21: Validation Loss = 0.006421
2025-05-02 06:32:31,590 - INFO - Epoch 22: Validation Loss = 0.006835
2025-05-02 06:32:37,110 - INFO - Epoch 23: Validation Loss = 0.006312
2025-05-02 06:32:37,110 - INFO - ⛔ Early stopping triggered.
2025-05-02 06:32:37,110 - INFO - ✅ Model training completed. Best validation loss: 0.006095
2025-05-02 06:32:37,416 - INFO - ✅ All records inserted for model_id=20
2025-05-02 06:32:37,430 - INFO - ✅ Predictions logged from 2025-05-02 07:00:00 to 2025-05-02 12:00:00.
2025-05-02 12:40:48,122 - INFO - 🔍 Starting evaluation of last 6 predictions...
2025-05-02 12:40:48,134 - INFO - ✅ Evaluation and predictions logged for model_id=20
2025-05-02 12:40:48,134 - INFO - ✅ Evaluation of latest predictions logged.
2025-05-02 12:40:48,135 - INFO - 🚨 Pseudo accuracy too low. Retraining triggered.
2025-05-02 12:40:55,016 - INFO - Epoch 1: Validation Loss = 0.010274
2025-05-02 12:41:00,490 - INFO - Epoch 2: Validation Loss = 0.010061
2025-05-02 12:41:05,940 - INFO - Epoch 3: Validation Loss = 0.008259
2025-05-02 12:41:11,416 - INFO - Epoch 4: Validation Loss = 0.007483
2025-05-02 12:41:16,895 - INFO - Epoch 5: Validation Loss = 0.006890
2025-05-02 12:41:22,435 - INFO - Epoch 6: Validation Loss = 0.006977
2025-05-02 12:41:28,010 - INFO - Epoch 7: Validation Loss = 0.007429
2025-05-02 12:41:33,540 - INFO - Epoch 8: Validation Loss = 0.006734
2025-05-02 12:41:39,041 - INFO - Epoch 9: Validation Loss = 0.006458
2025-05-02 12:41:44,638 - INFO - Epoch 10: Validation Loss = 0.006437
2025-05-02 12:41:50,202 - INFO - Epoch 11: Validation Loss = 0.007017
2025-05-02 12:41:55,796 - INFO - Epoch 12: Validation Loss = 0.006050
2025-05-02 12:42:01,385 - INFO - Epoch 13: Validation Loss = 0.006605
2025-05-02 12:42:06,930 - INFO - Epoch 14: Validation Loss = 0.006132
2025-05-02 12:42:12,483 - INFO - Epoch 15: Validation Loss = 0.006419
2025-05-02 12:42:18,033 - INFO - Epoch 16: Validation Loss = 0.006286
2025-05-02 12:42:23,619 - INFO - Epoch 17: Validation Loss = 0.006841
2025-05-02 12:42:23,619 - INFO - ⛔ Early stopping triggered.
2025-05-02 12:42:23,619 - INFO - ✅ Model training completed. Best validation loss: 0.006050
2025-05-02 12:42:23,921 - INFO - ✅ All records inserted for model_id=21
2025-05-02 12:42:23,934 - INFO - ✅ Predictions logged from 2025-05-02 07:00:00 to 2025-05-02 12:00:00.
2025-05-02 18:29:13,651 - INFO - 🔍 Starting evaluation of last 6 predictions...
2025-05-02 18:29:13,659 - INFO - ✅ Evaluation and predictions logged for model_id=21
2025-05-02 18:29:13,659 - INFO - ✅ Evaluation of latest predictions logged.
2025-05-02 18:29:13,659 - INFO - 🚨 Pseudo accuracy too low. Retraining triggered.
2025-05-02 18:29:20,216 - INFO - Epoch 1: Validation Loss = 0.010271
2025-05-02 18:29:25,407 - INFO - Epoch 2: Validation Loss = 0.009602
2025-05-02 18:29:30,607 - INFO - Epoch 3: Validation Loss = 0.008602
2025-05-02 18:29:35,851 - INFO - Epoch 4: Validation Loss = 0.008407
2025-05-02 18:29:41,076 - INFO - Epoch 5: Validation Loss = 0.007120
2025-05-02 18:29:46,216 - INFO - Epoch 6: Validation Loss = 0.007017
2025-05-02 18:29:51,365 - INFO - Epoch 7: Validation Loss = 0.006903
2025-05-02 18:29:56,484 - INFO - Epoch 8: Validation Loss = 0.006426
2025-05-02 18:30:01,588 - INFO - Epoch 9: Validation Loss = 0.006325
2025-05-02 18:30:06,724 - INFO - Epoch 10: Validation Loss = 0.006229
2025-05-02 18:30:11,802 - INFO - Epoch 11: Validation Loss = 0.006812
2025-05-02 18:30:16,927 - INFO - Epoch 12: Validation Loss = 0.005800
2025-05-02 18:30:22,020 - INFO - Epoch 13: Validation Loss = 0.006034
2025-05-02 18:30:27,113 - INFO - Epoch 14: Validation Loss = 0.006157
2025-05-02 18:30:32,229 - INFO - Epoch 15: Validation Loss = 0.007873
2025-05-02 18:30:37,312 - INFO - Epoch 16: Validation Loss = 0.006003
2025-05-02 18:30:42,418 - INFO - Epoch 17: Validation Loss = 0.006615
2025-05-02 18:30:42,418 - INFO - ⛔ Early stopping triggered.
2025-05-02 18:30:42,418 - INFO - ✅ Model training completed. Best validation loss: 0.005800
2025-05-02 18:30:42,716 - INFO - ✅ All records inserted for model_id=22
2025-05-02 18:30:42,729 - INFO - ✅ Predictions logged from 2025-05-02 19:00:00 to 2025-05-03 00:00:00.
2025-05-03 01:39:25,554 - INFO - 🔍 Starting evaluation of last 6 predictions...
2025-05-03 01:39:25,568 - INFO - ✅ Evaluation and predictions logged for model_id=22
2025-05-03 01:39:25,568 - INFO - ✅ Evaluation of latest predictions logged.
2025-05-03 01:39:25,568 - INFO - 🚨 Pseudo accuracy too low. Retraining triggered.
2025-05-03 01:39:31,804 - INFO - Epoch 1: Validation Loss = 0.010265
2025-05-03 01:39:36,750 - INFO - Epoch 2: Validation Loss = 0.008820
2025-05-03 01:39:41,618 - INFO - Epoch 3: Validation Loss = 0.009366
2025-05-03 01:39:46,490 - INFO - Epoch 4: Validation Loss = 0.007460
2025-05-03 01:39:51,574 - INFO - Epoch 5: Validation Loss = 0.009093
2025-05-03 01:39:56,518 - INFO - Epoch 6: Validation Loss = 0.006978
2025-05-03 01:40:01,402 - INFO - Epoch 7: Validation Loss = 0.007404
2025-05-03 01:40:06,307 - INFO - Epoch 8: Validation Loss = 0.006397
2025-05-03 01:40:11,216 - INFO - Epoch 9: Validation Loss = 0.006435
2025-05-03 01:40:16,140 - INFO - Epoch 10: Validation Loss = 0.006304
2025-05-03 01:40:21,067 - INFO - Epoch 11: Validation Loss = 0.006490
2025-05-03 01:40:26,001 - INFO - Epoch 12: Validation Loss = 0.007003
2025-05-03 01:40:30,899 - INFO - Epoch 13: Validation Loss = 0.006579
2025-05-03 01:40:35,830 - INFO - Epoch 14: Validation Loss = 0.006654
2025-05-03 01:40:40,766 - INFO - Epoch 15: Validation Loss = 0.006154
2025-05-03 01:40:45,667 - INFO - Epoch 16: Validation Loss = 0.006442
2025-05-03 01:40:50,627 - INFO - Epoch 17: Validation Loss = 0.006175
2025-05-03 01:40:55,506 - INFO - Epoch 18: Validation Loss = 0.006562
2025-05-03 01:41:00,345 - INFO - Epoch 19: Validation Loss = 0.006626
2025-05-03 01:41:05,231 - INFO - Epoch 20: Validation Loss = 0.006559
2025-05-03 01:41:05,231 - INFO - ⛔ Early stopping triggered.
2025-05-03 01:41:05,232 - INFO - ✅ Model training completed. Best validation loss: 0.006154
2025-05-03 01:41:05,539 - INFO - ✅ All records inserted for model_id=23
2025-05-03 01:41:05,552 - INFO - ✅ Predictions logged from 2025-05-02 19:00:00 to 2025-05-03 00:00:00.
2025-05-03 06:28:06,745 - INFO - 🔍 Starting evaluation of last 6 predictions...
2025-05-03 06:28:06,756 - INFO - ✅ Evaluation and predictions logged for model_id=23
2025-05-03 06:28:06,756 - INFO - ✅ Evaluation of latest predictions logged.
2025-05-03 06:28:06,756 - INFO - 🚨 Pseudo accuracy too low. Retraining triggered.
2025-05-03 06:28:13,574 - INFO - Epoch 1: Validation Loss = 0.012403
2025-05-03 06:28:18,879 - INFO - Epoch 2: Validation Loss = 0.010434
2025-05-03 06:28:24,132 - INFO - Epoch 3: Validation Loss = 0.009686
2025-05-03 06:28:29,418 - INFO - Epoch 4: Validation Loss = 0.008139
2025-05-03 06:28:34,813 - INFO - Epoch 5: Validation Loss = 0.007136
2025-05-03 06:28:40,180 - INFO - Epoch 6: Validation Loss = 0.007240
2025-05-03 06:28:45,519 - INFO - Epoch 7: Validation Loss = 0.007012
2025-05-03 06:28:50,920 - INFO - Epoch 8: Validation Loss = 0.007227
2025-05-03 06:28:56,298 - INFO - Epoch 9: Validation Loss = 0.006457
2025-05-03 06:29:01,686 - INFO - Epoch 10: Validation Loss = 0.006130
2025-05-03 06:29:07,069 - INFO - Epoch 11: Validation Loss = 0.006464
2025-05-03 06:29:12,512 - INFO - Epoch 12: Validation Loss = 0.006902
2025-05-03 06:29:17,988 - INFO - Epoch 13: Validation Loss = 0.007039
2025-05-03 06:29:23,375 - INFO - Epoch 14: Validation Loss = 0.006399
2025-05-03 06:29:28,730 - INFO - Epoch 15: Validation Loss = 0.006265
2025-05-03 06:29:28,730 - INFO - ⛔ Early stopping triggered.
2025-05-03 06:29:28,730 - INFO - ✅ Model training completed. Best validation loss: 0.006130
2025-05-03 06:29:29,039 - INFO - ✅ All records inserted for model_id=24
2025-05-03 06:29:29,052 - INFO - ✅ Predictions logged from 2025-05-03 07:00:00 to 2025-05-03 12:00:00.
2025-05-03 12:38:19,340 - INFO - 🔍 Starting evaluation of last 6 predictions...
2025-05-03 12:38:19,353 - INFO - ✅ Evaluation and predictions logged for model_id=24
2025-05-03 12:38:19,353 - INFO - ✅ Evaluation of latest predictions logged.
2025-05-03 12:38:19,353 - INFO - 🚨 Pseudo accuracy too low. Retraining triggered.
2025-05-03 12:38:26,281 - INFO - Epoch 1: Validation Loss = 0.013185
2025-05-03 12:38:31,886 - INFO - Epoch 2: Validation Loss = 0.008964
2025-05-03 12:38:37,367 - INFO - Epoch 3: Validation Loss = 0.009420
2025-05-03 12:38:42,783 - INFO - Epoch 4: Validation Loss = 0.008470
2025-05-03 12:38:48,251 - INFO - Epoch 5: Validation Loss = 0.007446
2025-05-03 12:38:53,795 - INFO - Epoch 6: Validation Loss = 0.017911
2025-05-03 12:38:59,372 - INFO - Epoch 7: Validation Loss = 0.008841
2025-05-03 12:39:04,966 - INFO - Epoch 8: Validation Loss = 0.007247
2025-05-03 12:39:10,435 - INFO - Epoch 9: Validation Loss = 0.006787
2025-05-03 12:39:15,930 - INFO - Epoch 10: Validation Loss = 0.006913
2025-05-03 12:39:21,392 - INFO - Epoch 11: Validation Loss = 0.006336
2025-05-03 12:39:26,826 - INFO - Epoch 12: Validation Loss = 0.006673
2025-05-03 12:39:32,303 - INFO - Epoch 13: Validation Loss = 0.007500
2025-05-03 12:39:37,787 - INFO - Epoch 14: Validation Loss = 0.006313
2025-05-03 12:39:43,190 - INFO - Epoch 15: Validation Loss = 0.006129
2025-05-03 12:39:48,599 - INFO - Epoch 16: Validation Loss = 0.006408
2025-05-03 12:39:54,013 - INFO - Epoch 17: Validation Loss = 0.006448
2025-05-03 12:39:59,320 - INFO - Epoch 18: Validation Loss = 0.006956
2025-05-03 12:40:04,693 - INFO - Epoch 19: Validation Loss = 0.006572
2025-05-03 12:40:10,054 - INFO - Epoch 20: Validation Loss = 0.007454
2025-05-03 12:40:10,054 - INFO - ⛔ Early stopping triggered.
2025-05-03 12:40:10,054 - INFO - ✅ Model training completed. Best validation loss: 0.006129
2025-05-03 12:40:10,358 - INFO - ✅ All records inserted for model_id=25
2025-05-03 12:40:10,371 - INFO - ✅ Predictions logged from 2025-05-03 07:00:00 to 2025-05-03 12:00:00.
